TN:test
SF:/mnt/c/Users/ussur/C7_SmartCalc_v1.0-2/src/calculator/calc_backend.c
FN:39,calc_calculate_expr
FNDA:0,calc_calculate_expr
FN:72,xy_get_variable_val
FNDA:0,xy_get_variable_val
FN:83,xy_call_function
FNDA:0,xy_call_function
FN:93,calc_backend_free
FNDA:0,calc_backend_free
FN:98,calc_backend_clone
FNDA:0,calc_backend_clone
FN:114,calc_backend_create
FNDA:0,calc_backend_create
FN:139,calc_backend_is_expr_const
FNDA:0,calc_backend_is_expr_const
FN:169,calc_backend_is_func_const
FNDA:0,calc_backend_is_func_const
FN:174,calc_backend_is_var_const
FNDA:0,calc_backend_is_var_const
FN:179,calc_backend_is_func_const_sslice
FNDA:0,calc_backend_is_func_const_sslice
FN:201,calc_backend_is_func_const_ptr
FNDA:0,calc_backend_is_func_const_ptr
FN:227,calc_backend_is_var_const_sslice
FNDA:0,calc_backend_is_var_const_sslice
FN:243,calc_backend_is_var_const_ptr
FNDA:0,calc_backend_is_var_const_ptr
FN:254,calc_backend_get_value
FNDA:0,calc_backend_get_value
FN:257,calc_backend_get_function
FNDA:0,calc_backend_get_function
FN:260,calc_backend_get_variable
FNDA:0,calc_backend_get_variable
FN:264,calc_backend_get_value_sslice
FNDA:0,calc_backend_get_value_sslice
FN:275,calc_backend_get_function_sslice
FNDA:0,calc_backend_get_function_sslice
FN:292,calc_backend_get_variable_sslice
FNDA:0,calc_backend_get_variable_sslice
FN:306,calc_backend_last_expr
FNDA:0,calc_backend_last_expr
FN:317,calc_backend_get_var_context
FNDA:0,calc_backend_get_var_context
FN:323,calc_backend_get_var_context_sslice
FNDA:0,calc_backend_get_var_context_sslice
FN:342,calc_backend_get_fun_context
FNDA:0,calc_backend_get_fun_context
FN:347,calc_backend_get_fun_context_sslice
FNDA:0,calc_backend_get_fun_context_sslice
FN:368,calc_backend_call_function
FNDA:0,calc_backend_call_function
FN:411,calc_backend_get_expr_type
FNDA:0,calc_backend_get_expr_type
FN:457,cb_is_variable
FNDA:0,cb_is_variable
FN:463,cb_is_function
FNDA:0,cb_is_function
FN:469,cb_get_variable_val
FNDA:0,cb_get_variable_val
FN:501,cb_get_expr_type
FNDA:0,cb_get_expr_type
FN:505,calc_backend_get_context
FNDA:0,calc_backend_get_context
FN:522,cb_get_variable_info
FNDA:0,cb_get_variable_info
FN:542,cb_get_function_info
FNDA:0,cb_get_function_info
DA:39,0
DA:53,0
DA:54,0
DA:56,0
DA:58,0
DA:59,0
DA:61,0
DA:62,0
DA:64,0
DA:65,0
DA:68,0
DA:69,0
DA:72,0
DA:73,0
DA:74,0
DA:75,0
DA:76,0
DA:77,0
DA:78,0
DA:80,0
DA:83,0
DA:85,0
DA:93,0
DA:94,0
DA:95,0
DA:96,0
DA:98,0
DA:99,0
DA:100,0
DA:101,0
DA:114,0
DA:115,0
DA:116,0
DA:117,0
DA:119,0
DA:120,0
DA:124,0
DA:125,0
DA:127,0
DA:128,0
DA:130,0
DA:139,0
DA:140,0
DA:142,0
DA:143,0
DA:145,0
DA:146,0
DA:148,0
DA:149,0
DA:150,0
DA:151,0
DA:152,0
DA:154,0
DA:155,0
DA:156,0
DA:158,0
DA:159,0
DA:160,0
DA:163,0
DA:166,0
DA:169,0
DA:170,0
DA:171,0
DA:174,0
DA:175,0
DA:176,0
DA:179,0
DA:180,0
DA:182,0
DA:183,0
DA:185,0
DA:186,0
DA:187,0
DA:189,0
DA:193,0
DA:195,0
DA:197,0
DA:201,0
DA:202,0
DA:203,0
DA:204,0
DA:205,0
DA:206,0
DA:208,0
DA:212,0
DA:217,0
DA:221,0
DA:223,0
DA:227,0
DA:228,0
DA:229,0
DA:231,0
DA:232,0
DA:234,0
DA:235,0
DA:236,0
DA:238,0
DA:243,0
DA:244,0
DA:245,0
DA:246,0
DA:247,0
DA:248,0
DA:250,0
DA:254,0
DA:255,0
DA:257,0
DA:258,0
DA:260,0
DA:261,0
DA:264,0
DA:265,0
DA:266,0
DA:267,0
DA:269,0
DA:270,0
DA:272,0
DA:275,0
DA:276,0
DA:277,0
DA:279,0
DA:280,0
DA:282,0
DA:283,0
DA:284,0
DA:287,0
DA:288,0
DA:290,0
DA:292,0
DA:293,0
DA:294,0
DA:296,0
DA:297,0
DA:298,0
DA:300,0
DA:301,0
DA:303,0
DA:306,0
DA:307,0
DA:309,0
DA:310,0
DA:312,0
DA:317,0
DA:319,0
DA:320,0
DA:323,0
DA:325,0
DA:326,0
DA:327,0
DA:329,0
DA:330,0
DA:331,0
DA:332,0
DA:333,0
DA:336,0
DA:337,0
DA:339,0
DA:342,0
DA:344,0
DA:345,0
DA:347,0
DA:349,0
DA:350,0
DA:351,0
DA:352,0
DA:353,0
DA:356,0
DA:357,0
DA:359,0
DA:368,0
DA:371,0
DA:372,0
DA:374,0
DA:377,0
DA:379,0
DA:380,0
DA:382,0
DA:383,0
DA:384,0
DA:385,0
DA:386,0
DA:389,0
DA:392,0
DA:395,0
DA:397,0
DA:403,0
DA:411,0
DA:412,0
DA:414,0
DA:415,0
DA:416,0
DA:417,0
DA:418,0
DA:419,0
DA:421,0
DA:424,0
DA:427,0
DA:457,0
DA:458,0
DA:460,0
DA:461,0
DA:463,0
DA:464,0
DA:466,0
DA:469,0
DA:472,0
DA:474,0
DA:475,0
DA:477,0
DA:479,0
DA:481,0
DA:482,0
DA:483,0
DA:484,0
DA:486,0
DA:492,0
DA:497,0
DA:501,0
DA:502,0
DA:505,0
DA:519,0
DA:522,0
DA:523,0
DA:524,0
DA:525,0
DA:526,0
DA:527,0
DA:528,0
DA:529,0
DA:531,0
DA:533,0
DA:534,0
DA:535,0
DA:536,0
DA:540,0
DA:542,0
DA:543,0
DA:545,0
DA:546,0
DA:547,0
DA:549,0
DA:556,0
DA:560,0
DA:561,0
DA:562,0
DA:563,0
DA:565,0
DA:567,0
end_of_record
SF:/mnt/c/Users/ussur/C7_SmartCalc_v1.0-2/src/util/vector.h
FN:112,vec_CalcBackend_create
FNDA:0,vec_CalcBackend_create
FN:120,vec_CalcBackend_with_capacity
FNDA:0,vec_CalcBackend_with_capacity
FN:136,vec_CalcBackend_create_copy
FNDA:0,vec_CalcBackend_create_copy
FN:153,vec_CalcBackend_clone
FNDA:0,vec_CalcBackend_clone
FN:157,vec_CalcBackend_from_raw
FNDA:0,vec_CalcBackend_from_raw
FN:183,vec_CalcBackend_push
FNDA:0,vec_CalcBackend_push
FN:212,vec_CalcBackend_insert
FNDA:0,vec_CalcBackend_insert
FN:228,vec_CalcBackend_popget
FNDA:0,vec_CalcBackend_popget
FN:234,vec_CalcBackend_popfree
FNDA:0,vec_CalcBackend_popfree
FN:243,vec_CalcBackend_at
FNDA:0,vec_CalcBackend_at
FN:247,vec_CalcBackend_atref
FNDA:0,vec_CalcBackend_atref
FN:252,vec_CalcBackend_extract_fast
FNDA:0,vec_CalcBackend_extract_fast
FN:262,vec_CalcBackend_extract_order
FNDA:0,vec_CalcBackend_extract_order
FN:273,vec_CalcBackend_delete_fast
FNDA:0,vec_CalcBackend_delete_fast
FN:283,vec_CalcBackend_delete_order
FNDA:0,vec_CalcBackend_delete_order
FN:297,vec_CalcBackend_free
FNDA:0,vec_CalcBackend_free
DA:112,0
DA:113,0
DA:120,0
DA:121,0
DA:122,0
DA:123,0
DA:124,0
DA:128,0
DA:129,0
DA:130,0
DA:131,0
DA:133,0
DA:136,0
DA:139,0
DA:141,0
DA:142,0
DA:148,0
DA:149,0
DA:150,0
DA:153,0
DA:154,0
DA:157,0
DA:158,0
DA:183,0
DA:184,0
DA:191,0
DA:193,0
DA:194,0
DA:197,0
DA:204,0
DA:205,0
DA:208,0
DA:209,0
DA:210,0
DA:212,0
DA:213,0
DA:214,0
DA:216,0
DA:217,0
DA:218,0
DA:219,0
DA:220,0
DA:221,0
DA:222,0
DA:224,0
DA:226,0
DA:228,0
DA:229,0
DA:230,0
DA:231,0
DA:234,0
DA:235,0
DA:236,0
DA:239,0
DA:241,0
DA:243,0
DA:244,0
DA:245,0
DA:247,0
DA:248,0
DA:249,0
DA:252,0
DA:253,0
DA:254,0
DA:256,0
DA:257,0
DA:258,0
DA:259,0
DA:262,0
DA:263,0
DA:264,0
DA:266,0
DA:267,0
DA:268,0
DA:269,0
DA:270,0
DA:273,0
DA:274,0
DA:275,0
DA:278,0
DA:280,0
DA:281,0
DA:282,0
DA:283,0
DA:284,0
DA:285,0
DA:288,0
DA:291,0
DA:292,0
DA:293,0
DA:295,0
DA:297,0
DA:299,0
DA:302,0
DA:307,0
end_of_record
TN:test
SF:/mnt/c/Users/ussur/C7_SmartCalc_v1.0-2/src/calculator/calc_backend_add.c
FN:7,calc_backend_add_expr
FNDA:0,calc_backend_add_expr
DA:7,0
DA:8,0
DA:10,0
DA:13,0
DA:14,0
DA:16,0
DA:17,0
DA:19,0
DA:20,0
DA:21,0
DA:22,0
DA:23,0
DA:24,0
DA:25,0
DA:27,0
DA:28,0
DA:30,0
DA:31,0
DA:32,0
DA:35,0
DA:36,0
DA:37,0
DA:39,0
DA:41,0
DA:42,0
DA:43,0
DA:45,0
DA:47,0
DA:50,0
end_of_record
TN:test
SF:/mnt/c/Users/ussur/C7_SmartCalc_v1.0-2/src/util/vector.h
FN:112,vec_CalcExpr_create
FNDA:0,vec_CalcExpr_create
FN:120,vec_CalcExpr_with_capacity
FNDA:0,vec_CalcExpr_with_capacity
FN:136,vec_CalcExpr_create_copy
FNDA:0,vec_CalcExpr_create_copy
FN:153,vec_CalcExpr_clone
FNDA:0,vec_CalcExpr_clone
FN:157,vec_CalcExpr_from_raw
FNDA:0,vec_CalcExpr_from_raw
FN:183,vec_CalcExpr_push
FNDA:0,vec_CalcExpr_push
FN:212,vec_CalcExpr_insert
FNDA:0,vec_CalcExpr_insert
FN:228,vec_CalcExpr_popget
FNDA:0,vec_CalcExpr_popget
FN:234,vec_CalcExpr_popfree
FNDA:0,vec_CalcExpr_popfree
FN:243,vec_CalcExpr_at
FNDA:0,vec_CalcExpr_at
FN:247,vec_CalcExpr_atref
FNDA:0,vec_CalcExpr_atref
FN:252,vec_CalcExpr_extract_fast
FNDA:0,vec_CalcExpr_extract_fast
FN:262,vec_CalcExpr_extract_order
FNDA:0,vec_CalcExpr_extract_order
FN:273,vec_CalcExpr_delete_fast
FNDA:0,vec_CalcExpr_delete_fast
FN:283,vec_CalcExpr_delete_order
FNDA:0,vec_CalcExpr_delete_order
FN:297,vec_CalcExpr_free
FNDA:0,vec_CalcExpr_free
DA:112,0
DA:113,0
DA:120,0
DA:121,0
DA:122,0
DA:123,0
DA:124,0
DA:128,0
DA:129,0
DA:130,0
DA:131,0
DA:133,0
DA:136,0
DA:139,0
DA:141,0
DA:142,0
DA:148,0
DA:149,0
DA:150,0
DA:153,0
DA:154,0
DA:157,0
DA:158,0
DA:183,0
DA:184,0
DA:191,0
DA:193,0
DA:194,0
DA:197,0
DA:204,0
DA:205,0
DA:208,0
DA:209,0
DA:210,0
DA:212,0
DA:213,0
DA:214,0
DA:216,0
DA:217,0
DA:218,0
DA:219,0
DA:220,0
DA:221,0
DA:222,0
DA:224,0
DA:226,0
DA:228,0
DA:229,0
DA:230,0
DA:231,0
DA:234,0
DA:235,0
DA:236,0
DA:239,0
DA:241,0
DA:243,0
DA:244,0
DA:245,0
DA:247,0
DA:248,0
DA:249,0
DA:252,0
DA:253,0
DA:254,0
DA:256,0
DA:257,0
DA:258,0
DA:259,0
DA:262,0
DA:263,0
DA:264,0
DA:266,0
DA:267,0
DA:268,0
DA:269,0
DA:270,0
DA:273,0
DA:274,0
DA:275,0
DA:278,0
DA:280,0
DA:281,0
DA:282,0
DA:283,0
DA:284,0
DA:285,0
DA:288,0
DA:291,0
DA:292,0
DA:293,0
DA:295,0
DA:297,0
DA:299,0
DA:302,0
DA:307,0
end_of_record
SF:/mnt/c/Users/ussur/C7_SmartCalc_v1.0-2/src/calculator/calc_expr.c
FN:12,calc_expr_free
FNDA:0,calc_expr_free
FN:31,calc_expr_clone
FNDA:0,calc_expr_clone
FN:52,calc_expr_type_text
FNDA:0,calc_expr_type_text
FN:66,calc_expr_print
FNDA:0,calc_expr_print
DA:12,0
DA:13,0
DA:15,0
DA:16,0
DA:18,0
DA:20,0
DA:21,0
DA:22,0
DA:24,0
DA:27,0
DA:29,0
DA:31,0
DA:32,0
DA:33,0
DA:34,0
DA:37,0
DA:38,0
DA:39,0
DA:40,0
DA:41,0
DA:42,0
DA:44,0
DA:47,0
DA:50,0
DA:52,0
DA:53,0
DA:54,0
DA:55,0
DA:56,0
DA:57,0
DA:58,0
DA:59,0
DA:60,0
DA:62,0
DA:66,0
DA:67,0
DA:69,0
DA:70,0
DA:71,0
DA:72,0
DA:74,0
DA:75,0
DA:76,0
DA:78,0
DA:81,0
DA:82,0
end_of_record
TN:test
SF:/mnt/c/Users/ussur/C7_SmartCalc_v1.0-2/src/calculator/calc_expr_parse.c
FN:23,calc_expr_parse
FNDA:0,calc_expr_parse
FN:39,calc_expr_parse_tt
FNDA:0,calc_expr_parse_tt
FN:54,check_forbidden_symbols
FNDA:0,check_forbidden_symbols
FN:71,vec_char_contains
FNDA:0,vec_char_contains
FN:82,is_action
FNDA:0,is_action
FN:96,parse_action
FNDA:0,parse_action
FN:102,is_action_operator
FNDA:0,is_action_operator
FN:116,is_variable
FNDA:0,is_variable
FN:129,parse_variable
FNDA:0,parse_variable
FN:168,is_eq_tt
FNDA:0,is_eq_tt
FN:176,is_unknown_ident
FNDA:0,is_unknown_ident
FN:182,is_eq_operator
FNDA:0,is_eq_operator
FN:190,is_function
FNDA:0,is_function
FN:200,parse_function
FNDA:0,parse_function
FN:257,is_function_definition
FNDA:0,is_function_definition
FN:301,parse_plot
FNDA:0,parse_plot
DA:23,0
DA:24,0
DA:25,0
DA:26,0
DA:28,0
DA:29,0
DA:30,0
DA:32,0
DA:35,0
DA:36,0
DA:39,0
DA:42,0
DA:43,0
DA:44,0
DA:45,0
DA:46,0
DA:47,0
DA:49,0
DA:51,0
DA:54,0
DA:55,0
DA:56,0
DA:57,0
DA:58,0
DA:59,0
DA:60,0
DA:62,0
DA:63,0
DA:64,0
DA:67,0
DA:68,0
DA:71,0
DA:72,0
DA:73,0
DA:75,0
DA:82,0
DA:83,0
DA:84,0
DA:85,0
DA:87,0
DA:89,0
DA:90,0
DA:92,0
DA:96,0
DA:97,0
DA:98,0
DA:99,0
DA:102,0
DA:103,0
DA:104,0
DA:105,0
DA:106,0
DA:116,0
DA:120,0
DA:122,0
DA:123,0
DA:125,0
DA:126,0
DA:129,0
DA:130,0
DA:135,0
DA:136,0
DA:137,0
DA:138,0
DA:139,0
DA:144,0
DA:145,0
DA:146,0
DA:148,0
DA:152,0
DA:154,0
DA:155,0
DA:160,0
DA:162,0
DA:163,0
DA:165,0
DA:168,0
DA:169,0
DA:170,0
DA:171,0
DA:173,0
DA:176,0
DA:177,0
DA:178,0
DA:179,0
DA:182,0
DA:183,0
DA:190,0
DA:194,0
DA:196,0
DA:197,0
DA:200,0
DA:203,0
DA:206,0
DA:207,0
DA:209,0
DA:210,0
DA:211,0
DA:212,0
DA:214,0
DA:215,0
DA:216,0
DA:219,0
DA:220,0
DA:221,0
DA:223,0
DA:224,0
DA:225,0
DA:226,0
DA:227,0
DA:228,0
DA:230,0
DA:232,0
DA:234,0
DA:241,0
DA:242,0
DA:243,0
DA:249,0
DA:251,0
DA:252,0
DA:253,0
DA:257,0
DA:258,0
DA:259,0
DA:261,0
DA:262,0
DA:264,0
DA:266,0
DA:267,0
DA:268,0
DA:269,0
DA:271,0
DA:273,0
DA:276,0
DA:278,0
DA:279,0
DA:280,0
DA:281,0
DA:282,0
DA:283,0
DA:284,0
DA:286,0
DA:287,0
DA:288,0
DA:289,0
DA:290,0
DA:292,0
DA:296,0
DA:301,0
DA:302,0
DA:304,0
DA:305,0
DA:309,0
DA:311,0
end_of_record
TN:test
SF:/mnt/c/Users/ussur/C7_SmartCalc_v1.0-2/src/calculator/calc_value.c
FN:11,calc_value_free
FNDA:0,calc_value_free
FN:16,calc_value_clone
FNDA:0,calc_value_clone
FN:21,calc_value_print
FNDA:0,calc_value_print
DA:11,0
DA:12,0
DA:13,0
DA:14,0
DA:16,0
DA:17,0
DA:18,0
DA:21,0
DA:22,0
DA:24,0
end_of_record
SF:/mnt/c/Users/ussur/C7_SmartCalc_v1.0-2/src/util/vector.h
FN:112,vec_CalcValue_create
FNDA:0,vec_CalcValue_create
FN:120,vec_CalcValue_with_capacity
FNDA:0,vec_CalcValue_with_capacity
FN:136,vec_CalcValue_create_copy
FNDA:0,vec_CalcValue_create_copy
FN:153,vec_CalcValue_clone
FNDA:0,vec_CalcValue_clone
FN:157,vec_CalcValue_from_raw
FNDA:0,vec_CalcValue_from_raw
FN:183,vec_CalcValue_push
FNDA:0,vec_CalcValue_push
FN:212,vec_CalcValue_insert
FNDA:0,vec_CalcValue_insert
FN:228,vec_CalcValue_popget
FNDA:0,vec_CalcValue_popget
FN:234,vec_CalcValue_popfree
FNDA:0,vec_CalcValue_popfree
FN:243,vec_CalcValue_at
FNDA:0,vec_CalcValue_at
FN:247,vec_CalcValue_atref
FNDA:0,vec_CalcValue_atref
FN:252,vec_CalcValue_extract_fast
FNDA:0,vec_CalcValue_extract_fast
FN:262,vec_CalcValue_extract_order
FNDA:0,vec_CalcValue_extract_order
FN:273,vec_CalcValue_delete_fast
FNDA:0,vec_CalcValue_delete_fast
FN:283,vec_CalcValue_delete_order
FNDA:0,vec_CalcValue_delete_order
FN:297,vec_CalcValue_free
FNDA:0,vec_CalcValue_free
DA:112,0
DA:113,0
DA:120,0
DA:121,0
DA:122,0
DA:123,0
DA:124,0
DA:128,0
DA:129,0
DA:130,0
DA:131,0
DA:133,0
DA:136,0
DA:139,0
DA:141,0
DA:142,0
DA:148,0
DA:149,0
DA:150,0
DA:153,0
DA:154,0
DA:157,0
DA:158,0
DA:183,0
DA:184,0
DA:191,0
DA:193,0
DA:194,0
DA:197,0
DA:204,0
DA:205,0
DA:208,0
DA:209,0
DA:210,0
DA:212,0
DA:213,0
DA:214,0
DA:216,0
DA:217,0
DA:218,0
DA:219,0
DA:220,0
DA:221,0
DA:222,0
DA:224,0
DA:226,0
DA:228,0
DA:229,0
DA:230,0
DA:231,0
DA:234,0
DA:235,0
DA:236,0
DA:239,0
DA:241,0
DA:243,0
DA:244,0
DA:245,0
DA:247,0
DA:248,0
DA:249,0
DA:252,0
DA:253,0
DA:254,0
DA:256,0
DA:257,0
DA:258,0
DA:259,0
DA:262,0
DA:263,0
DA:264,0
DA:266,0
DA:267,0
DA:268,0
DA:269,0
DA:270,0
DA:273,0
DA:274,0
DA:275,0
DA:278,0
DA:280,0
DA:281,0
DA:282,0
DA:283,0
DA:284,0
DA:285,0
DA:288,0
DA:291,0
DA:292,0
DA:293,0
DA:295,0
DA:297,0
DA:299,0
DA:302,0
DA:307,0
end_of_record
TN:test
SF:/mnt/c/Users/ussur/C7_SmartCalc_v1.0-2/src/calculator/credit_deposit.c
FN:7,calculate_annuity_credit
FNDA:0,calculate_annuity_credit
FN:23,calculate_differentiated_credit
FNDA:0,calculate_differentiated_credit
DA:7,0
DA:9,0
DA:10,0
DA:12,0
DA:13,0
DA:14,0
DA:16,0
DA:23,0
DA:26,0
DA:28,0
DA:29,0
DA:30,0
DA:31,0
DA:32,0
DA:33,0
DA:34,0
DA:36,0
DA:37,0
DA:39,0
DA:41,0
end_of_record
TN:test
SF:/mnt/c/Users/ussur/C7_SmartCalc_v1.0-2/src/calculator/func_const_ctx.c
FN:26,func_const_ctx_context
FNDA:0,func_const_ctx_context
FN:41,fctx_has_value
FNDA:0,fctx_has_value
FN:48,fctx_is_variable
FNDA:0,fctx_is_variable
FN:53,fctx_is_function
FNDA:0,fctx_is_function
FN:60,fctx_get_variable_val
FNDA:0,fctx_get_variable_val
FN:69,fctx_call_function
FNDA:0,fctx_call_function
FN:83,fctx_is_expr_const
FNDA:0,fctx_is_expr_const
FN:87,pure_fctx_is_expr_const
FNDA:0,pure_fctx_is_expr_const
FN:122,fctx_get_expr_type
FNDA:0,fctx_get_expr_type
FN:126,fctx_get_variable_info
FNDA:0,fctx_get_variable_info
FN:141,fctx_get_function_info
FNDA:0,fctx_get_function_info
DA:26,0
DA:38,0
DA:41,0
DA:42,0
DA:43,0
DA:44,0
DA:48,0
DA:49,0
DA:51,0
DA:53,0
DA:54,0
DA:56,0
DA:60,0
DA:62,0
DA:63,0
DA:67,0
DA:69,0
DA:71,0
DA:72,0
DA:76,0
DA:83,0
DA:84,0
DA:87,0
DA:88,0
DA:89,0
DA:90,0
DA:91,0
DA:92,0
DA:94,0
DA:96,0
DA:97,0
DA:98,0
DA:100,0
DA:102,0
DA:103,0
DA:104,0
DA:106,0
DA:108,0
DA:109,0
DA:110,0
DA:111,0
DA:113,0
DA:114,0
DA:115,0
DA:116,0
DA:118,0
DA:122,0
DA:123,0
DA:126,0
DA:128,0
DA:129,0
DA:130,0
DA:131,0
DA:135,0
DA:138,0
DA:141,0
DA:143,0
DA:144,0
DA:147,0
DA:148,0
end_of_record
TN:test
SF:/mnt/c/Users/ussur/C7_SmartCalc_v1.0-2/src/calculator/native_functions.c
FN:31,calculator_get_native_function
FNDA:0,calculator_get_native_function
FN:43,basic_cos
FNDA:0,basic_cos
FN:44,basic_sin
FNDA:0,basic_sin
FN:45,basic_tan
FNDA:0,basic_tan
FN:46,basic_acos
FNDA:0,basic_acos
FN:47,basic_asin
FNDA:0,basic_asin
FN:48,basic_atan
FNDA:0,basic_atan
FN:49,basic_sqrt
FNDA:0,basic_sqrt
FN:50,basic_ln
FNDA:0,basic_ln
FN:51,basic_log
FNDA:0,basic_log
FN:53,template_unary_function_base
FNDA:0,template_unary_function_base
FN:74,template_unary_function
FNDA:0,template_unary_function
FN:94,calculator_func_cos
FNDA:0,calculator_func_cos
FN:97,calculator_func_sin
FNDA:0,calculator_func_sin
FN:100,calculator_func_tan
FNDA:0,calculator_func_tan
FN:103,calculator_func_acos
FNDA:0,calculator_func_acos
FN:106,calculator_func_asin
FNDA:0,calculator_func_asin
FN:109,calculator_func_atan
FNDA:0,calculator_func_atan
FN:112,calculator_func_sqrt
FNDA:0,calculator_func_sqrt
FN:115,calculator_func_ln
FNDA:0,calculator_func_ln
FN:118,calculator_func_log
FNDA:0,calculator_func_log
FN:122,calculator_func_join
FNDA:0,calculator_func_join
FN:148,check_num_integer
FNDA:0,check_num_integer
FN:162,slice_process_index
FNDA:0,slice_process_index
FN:192,slice_base
FNDA:0,slice_base
FN:211,calculator_func_slice
FNDA:0,calculator_func_slice
FN:232,push_min_value
FNDA:0,push_min_value
FN:241,calculator_func_min
FNDA:0,calculator_func_min
FN:274,push_max_value
FNDA:0,push_max_value
FN:283,calculator_func_max
FNDA:0,calculator_func_max
DA:31,0
DA:32,0
DA:33,0
DA:36,0
DA:37,0
DA:40,0
DA:43,0
DA:44,0
DA:45,0
DA:46,0
DA:47,0
DA:48,0
DA:49,0
DA:50,0
DA:51,0
DA:53,0
DA:55,0
DA:57,0
DA:58,0
DA:60,0
DA:62,0
DA:63,0
DA:64,0
DA:65,0
DA:67,0
DA:71,0
DA:74,0
DA:76,0
DA:78,0
DA:79,0
DA:80,0
DA:81,0
DA:82,0
DA:83,0
DA:85,0
DA:88,0
DA:94,0
DA:95,0
DA:97,0
DA:98,0
DA:100,0
DA:101,0
DA:103,0
DA:104,0
DA:106,0
DA:107,0
DA:109,0
DA:110,0
DA:112,0
DA:113,0
DA:115,0
DA:116,0
DA:118,0
DA:119,0
DA:122,0
DA:123,0
DA:125,0
DA:126,0
DA:127,0
DA:128,0
DA:129,0
DA:131,0
DA:132,0
DA:134,0
DA:137,0
DA:138,0
DA:140,0
DA:148,0
DA:149,0
DA:150,0
DA:151,0
DA:156,0
DA:158,0
DA:162,0
DA:164,0
DA:165,0
DA:167,0
DA:168,0
DA:169,0
DA:171,0
DA:172,0
DA:173,0
DA:175,0
DA:176,0
DA:180,0
DA:181,0
DA:182,0
DA:185,0
DA:187,0
DA:189,0
DA:192,0
DA:193,0
DA:194,0
DA:195,0
DA:197,0
DA:198,0
DA:200,0
DA:203,0
DA:204,0
DA:206,0
DA:208,0
DA:211,0
DA:212,0
DA:213,0
DA:214,0
DA:216,0
DA:217,0
DA:218,0
DA:219,0
DA:220,0
DA:221,0
DA:223,0
DA:224,0
DA:225,0
DA:226,0
DA:227,0
DA:229,0
DA:232,0
DA:233,0
DA:234,0
DA:236,0
DA:237,0
DA:239,0
DA:241,0
DA:242,0
DA:243,0
DA:245,0
DA:246,0
DA:248,0
DA:250,0
DA:251,0
DA:252,0
DA:253,0
DA:254,0
DA:255,0
DA:256,0
DA:257,0
DA:259,0
DA:262,0
DA:266,0
DA:267,0
DA:269,0
DA:274,0
DA:275,0
DA:276,0
DA:278,0
DA:279,0
DA:281,0
DA:283,0
DA:284,0
DA:285,0
DA:287,0
DA:288,0
DA:290,0
DA:292,0
DA:293,0
DA:294,0
DA:295,0
DA:296,0
DA:297,0
DA:298,0
DA:299,0
DA:301,0
DA:304,0
DA:308,0
DA:310,0
end_of_record
TN:test
SF:/mnt/c/Users/ussur/C7_SmartCalc_v1.0-2/src/util/vector.h
FN:112,vec_Expr_create
FNDA:0,vec_Expr_create
FN:112,vec_vec_Expr_create
FNDA:0,vec_vec_Expr_create
FN:120,vec_vec_Expr_with_capacity
FNDA:0,vec_vec_Expr_with_capacity
FN:120,vec_Expr_with_capacity
FNDA:0,vec_Expr_with_capacity
FN:136,vec_Expr_create_copy
FNDA:0,vec_Expr_create_copy
FN:136,vec_vec_Expr_create_copy
FNDA:0,vec_vec_Expr_create_copy
FN:153,vec_Expr_clone
FNDA:0,vec_Expr_clone
FN:153,vec_vec_Expr_clone
FNDA:0,vec_vec_Expr_clone
FN:157,vec_vec_Expr_from_raw
FNDA:0,vec_vec_Expr_from_raw
FN:157,vec_Expr_from_raw
FNDA:0,vec_Expr_from_raw
FN:183,vec_vec_Expr_push
FNDA:0,vec_vec_Expr_push
FN:183,vec_Expr_push
FNDA:0,vec_Expr_push
FN:212,vec_vec_Expr_insert
FNDA:0,vec_vec_Expr_insert
FN:212,vec_Expr_insert
FNDA:0,vec_Expr_insert
FN:228,vec_vec_Expr_popget
FNDA:0,vec_vec_Expr_popget
FN:228,vec_Expr_popget
FNDA:0,vec_Expr_popget
FN:234,vec_vec_Expr_popfree
FNDA:0,vec_vec_Expr_popfree
FN:234,vec_Expr_popfree
FNDA:0,vec_Expr_popfree
FN:243,vec_vec_Expr_at
FNDA:0,vec_vec_Expr_at
FN:243,vec_Expr_at
FNDA:0,vec_Expr_at
FN:247,vec_vec_Expr_atref
FNDA:0,vec_vec_Expr_atref
FN:247,vec_Expr_atref
FNDA:0,vec_Expr_atref
FN:252,vec_Expr_extract_fast
FNDA:0,vec_Expr_extract_fast
FN:252,vec_vec_Expr_extract_fast
FNDA:0,vec_vec_Expr_extract_fast
FN:262,vec_Expr_extract_order
FNDA:0,vec_Expr_extract_order
FN:262,vec_vec_Expr_extract_order
FNDA:0,vec_vec_Expr_extract_order
FN:273,vec_Expr_delete_fast
FNDA:0,vec_Expr_delete_fast
FN:273,vec_vec_Expr_delete_fast
FNDA:0,vec_vec_Expr_delete_fast
FN:283,vec_vec_Expr_delete_order
FNDA:0,vec_vec_Expr_delete_order
FN:283,vec_Expr_delete_order
FNDA:0,vec_Expr_delete_order
FN:297,vec_Expr_free
FNDA:0,vec_Expr_free
FN:297,vec_vec_Expr_free
FNDA:0,vec_vec_Expr_free
DA:112,0
DA:113,0
DA:112,0
DA:113,0
DA:120,0
DA:121,0
DA:122,0
DA:123,0
DA:124,0
DA:128,0
DA:129,0
DA:130,0
DA:131,0
DA:133,0
DA:120,0
DA:121,0
DA:122,0
DA:123,0
DA:124,0
DA:128,0
DA:129,0
DA:130,0
DA:131,0
DA:133,0
DA:136,0
DA:139,0
DA:141,0
DA:142,0
DA:148,0
DA:149,0
DA:150,0
DA:136,0
DA:139,0
DA:141,0
DA:142,0
DA:148,0
DA:149,0
DA:150,0
DA:153,0
DA:154,0
DA:153,0
DA:154,0
DA:157,0
DA:158,0
DA:157,0
DA:158,0
DA:183,0
DA:184,0
DA:191,0
DA:193,0
DA:194,0
DA:197,0
DA:204,0
DA:205,0
DA:208,0
DA:209,0
DA:210,0
DA:183,0
DA:184,0
DA:191,0
DA:193,0
DA:194,0
DA:197,0
DA:204,0
DA:205,0
DA:208,0
DA:209,0
DA:210,0
DA:212,0
DA:213,0
DA:214,0
DA:216,0
DA:217,0
DA:218,0
DA:219,0
DA:220,0
DA:221,0
DA:222,0
DA:224,0
DA:226,0
DA:212,0
DA:213,0
DA:214,0
DA:216,0
DA:217,0
DA:218,0
DA:219,0
DA:220,0
DA:221,0
DA:222,0
DA:224,0
DA:226,0
DA:228,0
DA:229,0
DA:230,0
DA:231,0
DA:228,0
DA:229,0
DA:230,0
DA:231,0
DA:234,0
DA:235,0
DA:236,0
DA:239,0
DA:241,0
DA:234,0
DA:235,0
DA:236,0
DA:239,0
DA:241,0
DA:243,0
DA:244,0
DA:245,0
DA:243,0
DA:244,0
DA:245,0
DA:247,0
DA:248,0
DA:249,0
DA:247,0
DA:248,0
DA:249,0
DA:252,0
DA:253,0
DA:254,0
DA:256,0
DA:257,0
DA:258,0
DA:259,0
DA:252,0
DA:253,0
DA:254,0
DA:256,0
DA:257,0
DA:258,0
DA:259,0
DA:262,0
DA:263,0
DA:264,0
DA:266,0
DA:267,0
DA:268,0
DA:269,0
DA:270,0
DA:262,0
DA:263,0
DA:264,0
DA:266,0
DA:267,0
DA:268,0
DA:269,0
DA:270,0
DA:273,0
DA:274,0
DA:275,0
DA:278,0
DA:280,0
DA:281,0
DA:282,0
DA:273,0
DA:274,0
DA:275,0
DA:278,0
DA:280,0
DA:281,0
DA:282,0
DA:283,0
DA:284,0
DA:285,0
DA:288,0
DA:291,0
DA:292,0
DA:293,0
DA:295,0
DA:283,0
DA:284,0
DA:285,0
DA:288,0
DA:291,0
DA:292,0
DA:293,0
DA:295,0
DA:297,0
DA:299,0
DA:302,0
DA:307,0
DA:297,0
DA:299,0
DA:302,0
DA:307,0
end_of_record
SF:/mnt/c/Users/ussur/C7_SmartCalc_v1.0-2/src/parser/expr.c
FN:25,expr_free
FNDA:0,expr_free
FN:60,expr_print
FNDA:0,expr_print
FN:89,expr_print_binary_op
FNDA:0,expr_print_binary_op
FN:114,expr_clone
FNDA:0,expr_clone
FN:160,expr_move_to_heap
FNDA:0,expr_move_to_heap
FN:172,expr_type_text
FNDA:0,expr_type_text
DA:25,0
DA:26,0
DA:28,0
DA:29,0
DA:31,0
DA:32,0
DA:33,0
DA:34,0
DA:35,0
DA:38,0
DA:39,0
DA:41,0
DA:42,0
DA:44,0
DA:45,0
DA:46,0
DA:47,0
DA:50,0
DA:52,0
DA:60,0
DA:61,0
DA:62,0
DA:63,0
DA:64,0
DA:65,0
DA:67,0
DA:68,0
DA:69,0
DA:70,0
DA:71,0
DA:73,0
DA:74,0
DA:75,0
DA:76,0
DA:77,0
DA:79,0
DA:81,0
DA:82,0
DA:85,0
DA:89,0
DA:90,0
DA:92,0
DA:93,0
DA:95,0
DA:97,0
DA:98,0
DA:99,0
DA:102,0
DA:103,0
DA:106,0
DA:107,0
DA:114,0
DA:115,0
DA:118,0
DA:119,0
DA:121,0
DA:122,0
DA:124,0
DA:127,0
DA:128,0
DA:129,0
DA:130,0
DA:131,0
DA:133,0
DA:134,0
DA:136,0
DA:139,0
DA:140,0
DA:143,0
DA:144,0
DA:145,0
DA:149,0
DA:152,0
DA:160,0
DA:161,0
DA:162,0
DA:163,0
DA:164,0
DA:172,0
DA:173,0
DA:174,0
DA:175,0
DA:176,0
DA:177,0
DA:178,0
DA:179,0
DA:180,0
DA:181,0
DA:182,0
DA:184,0
end_of_record
TN:test
SF:/mnt/c/Users/ussur/C7_SmartCalc_v1.0-2/src/parser/expr_calculate.c
FN:26,expr_calculate
FNDA:0,expr_calculate
FN:52,expr_calculate_function
FNDA:0,expr_calculate_function
FN:82,expr_calculate_vector
FNDA:0,expr_calculate_vector
FN:109,expr_calculate_binary_op
FNDA:0,expr_calculate_binary_op
DA:26,0
DA:27,0
DA:28,0
DA:31,0
DA:32,0
DA:34,0
DA:35,0
DA:38,0
DA:39,0
DA:41,0
DA:42,0
DA:44,0
DA:45,0
DA:48,0
DA:52,0
DA:54,0
DA:56,0
DA:57,0
DA:58,0
DA:62,0
DA:63,0
DA:64,0
DA:66,0
DA:67,0
DA:69,0
DA:70,0
DA:73,0
DA:77,0
DA:78,0
DA:79,0
DA:82,0
DA:84,0
DA:86,0
DA:87,0
DA:89,0
DA:90,0
DA:91,0
DA:93,0
DA:96,0
DA:97,0
DA:103,0
DA:106,0
DA:109,0
DA:111,0
DA:113,0
DA:114,0
DA:115,0
DA:117,0
DA:118,0
DA:119,0
DA:120,0
DA:121,0
DA:123,0
DA:125,0
DA:129,0
end_of_record
TN:test
SF:/mnt/c/Users/ussur/C7_SmartCalc_v1.0-2/src/parser/expr_parse.c
FN:12,expr_parse_string
FNDA:0,expr_parse_string
FN:37,expr_parse_token_tree
FNDA:0,expr_parse_token_tree
FN:74,expr_parse_tokens
FNDA:0,expr_parse_tokens
FN:101,parser_map_vecvec_to_vec
FNDA:0,parser_map_vecvec_to_vec
FN:142,map_vec_to_expr
FNDA:0,map_vec_to_expr
FN:164,check_for_errors
FNDA:0,check_for_errors
FN:258,parser_parse_item
FNDA:0,parser_parse_item
FN:299,has_vacant_place
FNDA:0,has_vacant_place
FN:318,has_vacant_fn_arg_place
FNDA:0,has_vacant_fn_arg_place
FN:340,expr_parse_push_token_tree
FNDA:0,expr_parse_push_token_tree
FN:366,expr_parse_single_ident
FNDA:0,expr_parse_single_ident
FN:384,expr_parse_single_token
FNDA:0,expr_parse_single_token
FN:412,try_push_depth
FNDA:0,try_push_depth
FN:434,expr_push_to_left
FNDA:0,expr_push_to_left
FN:442,expr_push_operator
FNDA:0,expr_push_operator
FN:473,parser_is_function
FNDA:0,parser_is_function
FN:478,parser_collect_function
FNDA:0,parser_collect_function
FN:498,parser_is_indexing
FNDA:0,parser_is_indexing
FN:504,parser_collect_indexing
FNDA:0,parser_collect_indexing
FN:533,parser_is_implicit_multiplication
FNDA:0,parser_is_implicit_multiplication
FN:546,parser_collect_implicit_mul
FNDA:0,parser_collect_implicit_mul
FN:573,parser_is_implicit_subtraction
FNDA:0,parser_is_implicit_subtraction
FN:578,parser_collect_implicit_sub
FNDA:0,parser_collect_implicit_sub
FN:606,parser_is_unary_operator
FNDA:0,parser_is_unary_operator
FN:612,parser_collect_unary_operator
FNDA:0,parser_collect_unary_operator
FN:638,parser_is_operator
FNDA:0,parser_is_operator
FN:643,parser_collect_operator
FNDA:0,parser_collect_operator
FN:675,parser_is_comma
FNDA:0,parser_is_comma
FN:680,parser_collect_comma
FNDA:0,parser_collect_comma
DA:12,0
DA:13,0
DA:14,0
DA:16,0
DA:17,0
DA:18,0
DA:20,0
DA:22,0
DA:23,0
DA:26,0
DA:29,0
DA:37,0
DA:40,0
DA:41,0
DA:42,0
DA:43,0
DA:45,0
DA:46,0
DA:50,0
DA:51,0
DA:74,0
DA:76,0
DA:79,0
DA:80,0
DA:82,0
DA:85,0
DA:87,0
DA:88,0
DA:89,0
DA:91,0
DA:93,0
DA:96,0
DA:101,0
DA:103,0
DA:106,0
DA:107,0
DA:109,0
DA:111,0
DA:112,0
DA:116,0
DA:118,0
DA:119,0
DA:120,0
DA:122,0
DA:127,0
DA:128,0
DA:129,0
DA:130,0
DA:133,0
DA:136,0
DA:139,0
DA:142,0
DA:143,0
DA:144,0
DA:145,0
DA:146,0
DA:147,0
DA:149,0
DA:150,0
DA:151,0
DA:154,0
DA:160,0
DA:164,0
DA:165,0
DA:167,0
DA:168,0
DA:170,0
DA:172,0
DA:174,0
DA:175,0
DA:177,0
DA:179,0
DA:180,0
DA:182,0
DA:184,0
DA:186,0
DA:188,0
DA:189,0
DA:190,0
DA:191,0
DA:192,0
DA:194,0
DA:195,0
DA:196,0
DA:197,0
DA:201,0
DA:202,0
DA:258,0
DA:260,0
DA:262,0
DA:263,0
DA:264,0
DA:266,0
DA:267,0
DA:271,0
DA:272,0
DA:274,0
DA:275,0
DA:277,0
DA:278,0
DA:280,0
DA:281,0
DA:283,0
DA:284,0
DA:286,0
DA:287,0
DA:289,0
DA:290,0
DA:293,0
DA:295,0
DA:299,0
DA:300,0
DA:302,0
DA:303,0
DA:304,0
DA:306,0
DA:308,0
DA:309,0
DA:310,0
DA:312,0
DA:314,0
DA:318,0
DA:319,0
DA:321,0
DA:322,0
DA:323,0
DA:325,0
DA:327,0
DA:328,0
DA:329,0
DA:331,0
DA:333,0
DA:340,0
DA:342,0
DA:343,0
DA:345,0
DA:347,0
DA:348,0
DA:349,0
DA:350,0
DA:351,0
DA:356,0
DA:357,0
DA:358,0
DA:360,0
DA:363,0
DA:366,0
DA:367,0
DA:368,0
DA:370,0
DA:371,0
DA:373,0
DA:374,0
DA:377,0
DA:378,0
DA:381,0
DA:384,0
DA:385,0
DA:386,0
DA:388,0
DA:389,0
DA:391,0
DA:392,0
DA:395,0
DA:397,0
DA:398,0
DA:399,0
DA:400,0
DA:402,0
DA:403,0
DA:406,0
DA:412,0
DA:413,0
DA:415,0
DA:416,0
DA:417,0
DA:418,0
DA:420,0
DA:422,0
DA:423,0
DA:424,0
DA:425,0
DA:427,0
DA:430,0
DA:434,0
DA:435,0
DA:436,0
DA:437,0
DA:438,0
DA:439,0
DA:440,0
DA:442,0
DA:444,0
DA:445,0
DA:447,0
DA:448,0
DA:449,0
DA:450,0
DA:452,0
DA:457,0
DA:458,0
DA:462,0
DA:463,0
DA:473,0
DA:474,0
DA:475,0
DA:478,0
DA:480,0
DA:483,0
DA:485,0
DA:488,0
DA:490,0
DA:498,0
DA:499,0
DA:500,0
DA:501,0
DA:504,0
DA:507,0
DA:508,0
DA:509,0
DA:510,0
DA:512,0
DA:518,0
DA:522,0
DA:523,0
DA:525,0
DA:533,0
DA:534,0
DA:535,0
DA:536,0
DA:537,0
DA:538,0
DA:539,0
DA:540,0
DA:541,0
DA:543,0
DA:546,0
DA:550,0
DA:551,0
DA:553,0
DA:559,0
DA:563,0
DA:564,0
DA:565,0
DA:573,0
DA:574,0
DA:575,0
DA:578,0
DA:580,0
DA:582,0
DA:587,0
DA:589,0
DA:591,0
DA:595,0
DA:598,0
DA:606,0
DA:607,0
DA:608,0
DA:609,0
DA:612,0
DA:614,0
DA:616,0
DA:620,0
DA:625,0
DA:628,0
DA:630,0
DA:638,0
DA:639,0
DA:640,0
DA:643,0
DA:645,0
DA:647,0
DA:648,0
DA:650,0
DA:651,0
DA:655,0
DA:661,0
DA:665,0
DA:667,0
DA:675,0
DA:676,0
DA:677,0
DA:680,0
DA:682,0
DA:683,0
end_of_record
TN:test
SF:/mnt/c/Users/ussur/C7_SmartCalc_v1.0-2/src/util/vector.h
FN:112,vec_ExprValue_create
FNDA:0,vec_ExprValue_create
FN:120,vec_ExprValue_with_capacity
FNDA:0,vec_ExprValue_with_capacity
FN:136,vec_ExprValue_create_copy
FNDA:0,vec_ExprValue_create_copy
FN:153,vec_ExprValue_clone
FNDA:0,vec_ExprValue_clone
FN:157,vec_ExprValue_from_raw
FNDA:0,vec_ExprValue_from_raw
FN:183,vec_ExprValue_push
FNDA:0,vec_ExprValue_push
FN:212,vec_ExprValue_insert
FNDA:0,vec_ExprValue_insert
FN:228,vec_ExprValue_popget
FNDA:0,vec_ExprValue_popget
FN:234,vec_ExprValue_popfree
FNDA:0,vec_ExprValue_popfree
FN:243,vec_ExprValue_at
FNDA:0,vec_ExprValue_at
FN:247,vec_ExprValue_atref
FNDA:0,vec_ExprValue_atref
FN:252,vec_ExprValue_extract_fast
FNDA:0,vec_ExprValue_extract_fast
FN:262,vec_ExprValue_extract_order
FNDA:0,vec_ExprValue_extract_order
FN:273,vec_ExprValue_delete_fast
FNDA:0,vec_ExprValue_delete_fast
FN:283,vec_ExprValue_delete_order
FNDA:0,vec_ExprValue_delete_order
FN:297,vec_ExprValue_free
FNDA:0,vec_ExprValue_free
DA:112,0
DA:113,0
DA:120,0
DA:121,0
DA:122,0
DA:123,0
DA:124,0
DA:128,0
DA:129,0
DA:130,0
DA:131,0
DA:133,0
DA:136,0
DA:139,0
DA:141,0
DA:142,0
DA:148,0
DA:149,0
DA:150,0
DA:153,0
DA:154,0
DA:157,0
DA:158,0
DA:183,0
DA:184,0
DA:191,0
DA:193,0
DA:194,0
DA:197,0
DA:204,0
DA:205,0
DA:208,0
DA:209,0
DA:210,0
DA:212,0
DA:213,0
DA:214,0
DA:216,0
DA:217,0
DA:218,0
DA:219,0
DA:220,0
DA:221,0
DA:222,0
DA:224,0
DA:226,0
DA:228,0
DA:229,0
DA:230,0
DA:231,0
DA:234,0
DA:235,0
DA:236,0
DA:239,0
DA:241,0
DA:243,0
DA:244,0
DA:245,0
DA:247,0
DA:248,0
DA:249,0
DA:252,0
DA:253,0
DA:254,0
DA:256,0
DA:257,0
DA:258,0
DA:259,0
DA:262,0
DA:263,0
DA:264,0
DA:266,0
DA:267,0
DA:268,0
DA:269,0
DA:270,0
DA:273,0
DA:274,0
DA:275,0
DA:278,0
DA:280,0
DA:281,0
DA:282,0
DA:283,0
DA:284,0
DA:285,0
DA:288,0
DA:291,0
DA:292,0
DA:293,0
DA:295,0
DA:297,0
DA:299,0
DA:302,0
DA:307,0
end_of_record
SF:/mnt/c/Users/ussur/C7_SmartCalc_v1.0-2/src/parser/expr_value.c
FN:16,expr_value_free
FNDA:0,expr_value_free
FN:33,expr_value_clone
FNDA:0,expr_value_clone
FN:55,expr_value_print
FNDA:0,expr_value_print
FN:81,expr_value_type_text
FNDA:0,expr_value_type_text
DA:16,0
DA:17,0
DA:19,0
DA:20,0
DA:21,0
DA:24,0
DA:26,0
DA:33,0
DA:35,0
DA:37,0
DA:38,0
DA:39,0
DA:40,0
DA:41,0
DA:44,0
DA:47,0
DA:55,0
DA:56,0
DA:57,0
DA:59,0
DA:60,0
DA:61,0
DA:62,0
DA:64,0
DA:66,0
DA:68,0
DA:69,0
DA:72,0
DA:74,0
DA:81,0
DA:82,0
DA:83,0
DA:84,0
DA:85,0
DA:86,0
DA:87,0
DA:88,0
DA:89,0
DA:90,0
end_of_record
TN:test
SF:/mnt/c/Users/ussur/C7_SmartCalc_v1.0-2/src/parser/operators_fns.c
FN:27,expr_get_operator_fn_slice
FNDA:0,expr_get_operator_fn_slice
FN:50,expr_get_operator_fn
FNDA:0,expr_get_operator_fn
FN:66,template_alg_vecvec
FNDA:0,template_alg_vecvec
FN:99,template_alg_vecnum
FNDA:0,template_alg_vecnum
FN:135,template_alg_operator
FNDA:0,template_alg_operator
FN:167,expr_operator_add_lambda
FNDA:0,expr_operator_add_lambda
FN:167,expr_operator_add
FNDA:0,expr_operator_add
FN:167,expr_operator_sub_lambda
FNDA:0,expr_operator_sub_lambda
FN:167,expr_operator_sub
FNDA:0,expr_operator_sub
FN:168,expr_operator_mul_lambda
FNDA:0,expr_operator_mul_lambda
FN:168,expr_operator_mul
FNDA:0,expr_operator_mul
FN:168,expr_operator_div_lambda
FNDA:0,expr_operator_div_lambda
FN:168,expr_operator_div
FNDA:0,expr_operator_div
FN:169,expr_operator_mod_lambda
FNDA:0,expr_operator_mod_lambda
FN:169,expr_operator_mod
FNDA:0,expr_operator_mod
FN:170,expr_operator_pow_lambda
FNDA:0,expr_operator_pow_lambda
FN:170,expr_operator_pow
FNDA:0,expr_operator_pow
FN:175,expr_operator_index
FNDA:0,expr_operator_index
FN:221,check_num_integer
FNDA:0,check_num_integer
FN:233,expr_op_range_template
FNDA:0,expr_op_range_template
FN:271,expr_operator_range
FNDA:0,expr_operator_range
FN:275,expr_operator_range_included
FNDA:0,expr_operator_range_included
FN:283,expr_operator_assign
FNDA:0,expr_operator_assign
FN:287,expr_operator_add_assign
FNDA:0,expr_operator_add_assign
FN:291,expr_operator_sub_assign
FNDA:0,expr_operator_sub_assign
FN:295,expr_operator_mul_assign
FNDA:0,expr_operator_mul_assign
FN:299,expr_operator_div_assign
FNDA:0,expr_operator_div_assign
FN:303,expr_operator_mod_assign
FNDA:0,expr_operator_mod_assign
FN:307,expr_operator_pow_assign
FNDA:0,expr_operator_pow_assign
FN:317,expr_operator_eq_ptr
FNDA:0,expr_operator_eq_ptr
FN:344,expr_operator_eq
FNDA:0,expr_operator_eq
FN:350,expr_operator_neq
FNDA:0,expr_operator_neq
FN:361,expr_comparsion_template
FNDA:0,expr_comparsion_template
FN:395,expr_operator_lte_lambda
FNDA:0,expr_operator_lte_lambda
FN:395,expr_operator_lte
FNDA:0,expr_operator_lte
FN:395,expr_operator_gte_lambda
FNDA:0,expr_operator_gte_lambda
FN:395,expr_operator_gte
FNDA:0,expr_operator_gte
FN:395,expr_operator_lt_lambda
FNDA:0,expr_operator_lt_lambda
FN:395,expr_operator_lt
FNDA:0,expr_operator_lt
FN:396,expr_operator_gt
FNDA:0,expr_operator_gt
FN:396,expr_operator_gt_lambda
FNDA:0,expr_operator_gt_lambda
DA:27,0
DA:28,0
DA:37,0
DA:39,0
DA:42,0
DA:43,0
DA:44,0
DA:45,0
DA:47,0
DA:50,0
DA:51,0
DA:52,0
DA:66,0
DA:70,0
DA:72,0
DA:73,0
DA:77,0
DA:79,0
DA:81,0
DA:83,0
DA:85,0
DA:88,0
DA:89,0
DA:94,0
DA:96,0
DA:99,0
DA:102,0
DA:103,0
DA:104,0
DA:106,0
DA:107,0
DA:108,0
DA:111,0
DA:113,0
DA:114,0
DA:116,0
DA:117,0
DA:118,0
DA:120,0
DA:122,0
DA:125,0
DA:126,0
DA:131,0
DA:133,0
DA:135,0
DA:139,0
DA:140,0
DA:141,0
DA:142,0
DA:143,0
DA:144,0
DA:145,0
DA:146,0
DA:147,0
DA:149,0
DA:152,0
DA:167,0
DA:167,0
DA:167,0
DA:167,0
DA:168,0
DA:168,0
DA:168,0
DA:168,0
DA:169,0
DA:169,0
DA:170,0
DA:170,0
DA:175,0
DA:176,0
DA:178,0
DA:179,0
DA:180,0
DA:181,0
DA:182,0
DA:183,0
DA:185,0
DA:188,0
DA:193,0
DA:197,0
DA:201,0
DA:202,0
DA:203,0
DA:221,0
DA:222,0
DA:223,0
DA:224,0
DA:228,0
DA:230,0
DA:233,0
DA:235,0
DA:236,0
DA:237,0
DA:238,0
DA:239,0
DA:240,0
DA:241,0
DA:242,0
DA:243,0
DA:244,0
DA:246,0
DA:247,0
DA:248,0
DA:250,0
DA:258,0
DA:261,0
DA:264,0
DA:265,0
DA:267,0
DA:271,0
DA:272,0
DA:273,0
DA:275,0
DA:276,0
DA:283,0
DA:284,0
DA:285,0
DA:287,0
DA:288,0
DA:289,0
DA:291,0
DA:292,0
DA:293,0
DA:295,0
DA:296,0
DA:297,0
DA:299,0
DA:300,0
DA:301,0
DA:303,0
DA:304,0
DA:305,0
DA:307,0
DA:308,0
DA:309,0
DA:317,0
DA:318,0
DA:320,0
DA:321,0
DA:322,0
DA:323,0
DA:324,0
DA:325,0
DA:327,0
DA:328,0
DA:329,0
DA:331,0
DA:333,0
DA:344,0
DA:345,0
DA:346,0
DA:347,0
DA:348,0
DA:350,0
DA:351,0
DA:352,0
DA:353,0
DA:354,0
DA:361,0
DA:363,0
DA:365,0
DA:366,0
DA:367,0
DA:368,0
DA:369,0
DA:370,0
DA:372,0
DA:373,0
DA:375,0
DA:376,0
DA:378,0
DA:380,0
DA:395,0
DA:395,0
DA:395,0
DA:395,0
DA:395,0
DA:395,0
DA:396,0
DA:396,0
end_of_record
TN:test
SF:/mnt/c/Users/ussur/C7_SmartCalc_v1.0-2/src/parser/tokenizer.c
FN:41,tk_next_token
FNDA:186,tk_next_token
FN:83,scan_comma
FNDA:7,scan_comma
FN:90,scan_bracket
FNDA:24,scan_bracket
FN:102,tk_is_symbol_allowed
FNDA:15,tk_is_symbol_allowed
FN:113,token_print
FNDA:7,token_print
FN:141,token_type_text
FNDA:5,token_type_text
FN:160,skip_spaces
FNDA:226,skip_spaces
FN:165,check_operator
FNDA:73,check_operator
FN:192,scan_ident
FNDA:28,scan_ident
FN:204,read_num_non_scientific
FNDA:1,read_num_non_scientific
FN:225,has_double_dot_after_digits
FNDA:40,has_double_dot_after_digits
FN:233,scan_number
FNDA:40,scan_number
FN:273,is_letter
FNDA:181,is_letter
FN:276,is_digit
FNDA:135,is_digit
FN:278,is_bracket
FNDA:124,is_bracket
FN:282,next_char_skip_spaces
FNDA:89,next_char_skip_spaces
DA:41,186
DA:43,186
DA:45,186
DA:50,186
DA:52,186
DA:53,66
DA:54,66
DA:57,120
DA:59,113
DA:62,89
DA:63,89
DA:64,89
DA:65,16
DA:68,89
DA:70,68
DA:72,28
DA:73,40
DA:75,40
DA:77,0
DA:83,7
DA:84,7
DA:85,7
DA:86,7
DA:87,7
DA:90,24
DA:91,24
DA:92,24
DA:93,24
DA:94,24
DA:102,15
DA:103,15
DA:105,15
DA:113,7
DA:114,7
DA:115,2
DA:116,2
DA:117,2
DA:118,1
DA:119,1
DA:120,1
DA:121,2
DA:122,2
DA:123,2
DA:124,1
DA:125,1
DA:126,1
DA:127,1
DA:128,1
DA:129,1
DA:130,0
DA:131,0
DA:132,0
DA:134,7
DA:141,5
DA:142,5
DA:143,1
DA:144,1
DA:145,1
DA:146,1
DA:147,1
DA:148,1
DA:149,1
DA:150,1
DA:151,1
DA:152,1
DA:153,0
DA:154,0
DA:160,226
DA:161,280
DA:162,226
DA:165,73
DA:166,73
DA:173,73
DA:175,73
DA:176,1576
DA:177,1503
DA:178,1503
DA:180,1503
DA:181,21
DA:182,21
DA:183,21
DA:184,21
DA:185,21
DA:189,73
DA:192,28
DA:194,28
DA:195,98
DA:197,28
DA:198,28
DA:199,28
DA:200,28
DA:201,28
DA:204,1
DA:205,1
DA:206,2
DA:207,1
DA:209,1
DA:210,1
DA:211,1
DA:214,0
DA:215,0
DA:216,0
DA:217,0
DA:219,0
DA:221,0
DA:222,0
DA:225,40
DA:226,40
DA:227,77
DA:228,38
DA:230,39
DA:233,40
DA:235,40
DA:237,40
DA:238,16
DA:239,16
DA:242,40
DA:243,40
DA:245,40
DA:246,40
DA:248,40
DA:249,39
DA:251,39
DA:252,1
DA:253,1
DA:257,1
DA:258,1
DA:259,1
DA:262,40
DA:263,0
DA:265,40
DA:266,40
DA:267,40
DA:268,40
DA:270,40
DA:273,181
DA:274,181
DA:276,135
DA:278,124
DA:279,124
DA:282,89
DA:283,104
DA:284,89
end_of_record
SF:/mnt/c/Users/ussur/C7_SmartCalc_v1.0-2/src/util/vector.h
FN:112,vec_Token_create
FNDA:6,vec_Token_create
FN:120,vec_Token_with_capacity
FNDA:0,vec_Token_with_capacity
FN:136,vec_Token_create_copy
FNDA:0,vec_Token_create_copy
FN:153,vec_Token_clone
FNDA:0,vec_Token_clone
FN:157,vec_Token_from_raw
FNDA:0,vec_Token_from_raw
FN:183,vec_Token_push
FNDA:16,vec_Token_push
FN:212,vec_Token_insert
FNDA:0,vec_Token_insert
FN:228,vec_Token_popget
FNDA:0,vec_Token_popget
FN:234,vec_Token_popfree
FNDA:0,vec_Token_popfree
FN:243,vec_Token_at
FNDA:0,vec_Token_at
FN:247,vec_Token_atref
FNDA:0,vec_Token_atref
FN:252,vec_Token_extract_fast
FNDA:0,vec_Token_extract_fast
FN:262,vec_Token_extract_order
FNDA:0,vec_Token_extract_order
FN:273,vec_Token_delete_fast
FNDA:0,vec_Token_delete_fast
FN:283,vec_Token_delete_order
FNDA:0,vec_Token_delete_order
FN:297,vec_Token_free
FNDA:6,vec_Token_free
DA:112,6
DA:113,6
DA:120,0
DA:121,0
DA:122,0
DA:123,0
DA:124,0
DA:128,0
DA:129,0
DA:130,0
DA:131,0
DA:133,0
DA:136,0
DA:139,0
DA:145,0
DA:148,0
DA:149,0
DA:150,0
DA:153,0
DA:154,0
DA:157,0
DA:158,0
DA:183,16
DA:184,16
DA:191,0
DA:193,16
DA:194,7
DA:197,7
DA:204,7
DA:205,7
DA:208,16
DA:209,16
DA:210,16
DA:212,0
DA:213,0
DA:214,0
DA:216,0
DA:217,0
DA:218,0
DA:219,0
DA:220,0
DA:221,0
DA:222,0
DA:224,0
DA:226,0
DA:228,0
DA:229,0
DA:230,0
DA:231,0
DA:234,0
DA:235,0
DA:236,0
DA:241,0
DA:243,0
DA:244,0
DA:245,0
DA:247,0
DA:248,0
DA:249,0
DA:252,0
DA:253,0
DA:254,0
DA:256,0
DA:257,0
DA:258,0
DA:259,0
DA:262,0
DA:263,0
DA:264,0
DA:266,0
DA:267,0
DA:268,0
DA:269,0
DA:270,0
DA:273,0
DA:274,0
DA:275,0
DA:280,0
DA:281,0
DA:282,0
DA:283,0
DA:284,0
DA:285,0
DA:291,0
DA:292,0
DA:293,0
DA:295,0
DA:297,6
DA:302,6
DA:307,6
end_of_record
TN:test
SF:/mnt/c/Users/ussur/C7_SmartCalc_v1.0-2/src/util/vector.h
FN:112,vec_TokenTree_create
FNDA:128,vec_TokenTree_create
FN:120,vec_TokenTree_with_capacity
FNDA:0,vec_TokenTree_with_capacity
FN:136,vec_TokenTree_create_copy
FNDA:0,vec_TokenTree_create_copy
FN:153,vec_TokenTree_clone
FNDA:0,vec_TokenTree_clone
FN:157,vec_TokenTree_from_raw
FNDA:0,vec_TokenTree_from_raw
FN:183,vec_TokenTree_push
FNDA:145,vec_TokenTree_push
FN:212,vec_TokenTree_insert
FNDA:0,vec_TokenTree_insert
FN:228,vec_TokenTree_popget
FNDA:60,vec_TokenTree_popget
FN:234,vec_TokenTree_popfree
FNDA:0,vec_TokenTree_popfree
FN:243,vec_TokenTree_at
FNDA:0,vec_TokenTree_at
FN:247,vec_TokenTree_atref
FNDA:0,vec_TokenTree_atref
FN:252,vec_TokenTree_extract_fast
FNDA:0,vec_TokenTree_extract_fast
FN:262,vec_TokenTree_extract_order
FNDA:0,vec_TokenTree_extract_order
FN:273,vec_TokenTree_delete_fast
FNDA:0,vec_TokenTree_delete_fast
FN:283,vec_TokenTree_delete_order
FNDA:2,vec_TokenTree_delete_order
FN:297,vec_TokenTree_free
FNDA:128,vec_TokenTree_free
DA:112,128
DA:113,128
DA:120,0
DA:121,0
DA:122,0
DA:123,0
DA:124,0
DA:128,0
DA:129,0
DA:130,0
DA:131,0
DA:133,0
DA:136,0
DA:139,0
DA:141,0
DA:142,0
DA:148,0
DA:149,0
DA:150,0
DA:153,0
DA:154,0
DA:157,0
DA:158,0
DA:183,145
DA:184,145
DA:191,0
DA:193,145
DA:194,125
DA:197,125
DA:204,125
DA:205,125
DA:208,145
DA:209,145
DA:210,145
DA:212,0
DA:213,0
DA:214,0
DA:216,0
DA:217,0
DA:218,0
DA:219,0
DA:220,0
DA:221,0
DA:222,0
DA:224,0
DA:226,0
DA:228,60
DA:229,60
DA:230,60
DA:231,60
DA:234,0
DA:235,0
DA:236,0
DA:239,0
DA:241,0
DA:243,0
DA:244,0
DA:245,0
DA:247,0
DA:248,0
DA:249,0
DA:252,0
DA:253,0
DA:254,0
DA:256,0
DA:257,0
DA:258,0
DA:259,0
DA:262,0
DA:263,0
DA:264,0
DA:266,0
DA:267,0
DA:268,0
DA:269,0
DA:270,0
DA:273,0
DA:274,0
DA:275,0
DA:278,0
DA:280,0
DA:281,0
DA:282,0
DA:283,2
DA:284,2
DA:285,2
DA:288,2
DA:291,2
DA:292,3
DA:293,1
DA:295,2
DA:297,128
DA:299,137
DA:302,128
DA:307,128
end_of_record
SF:/mnt/c/Users/ussur/C7_SmartCalc_v1.0-2/src/parser/token_tree.c
FN:22,token_tree_free
FNDA:134,token_tree_free
FN:31,token_tree_clone
FNDA:0,token_tree_clone
FN:50,token_tree_ttype
FNDA:13,token_tree_ttype
FN:62,token_tree_ttype_skip
FNDA:9,token_tree_ttype_skip
FN:76,token_tree_get_only_token
FNDA:2,token_tree_get_only_token
FN:90,token_tree_print
FNDA:0,token_tree_print
FN:111,token_tree_from_token
FNDA:7,token_tree_from_token
FN:120,token_tree_from_vec
FNDA:10,token_tree_from_vec
FN:133,token_tree_simplify
FNDA:186,token_tree_simplify
FN:144,simplify_wrapper_tree
FNDA:60,simplify_wrapper_tree
FN:176,simplify_vector_tree
FNDA:63,simplify_vector_tree
FN:221,token_tree_parse
FNDA:6,token_tree_parse
FN:274,group_by_brackets
FNDA:6,group_by_brackets
FN:311,gbb_closing_bracket
FNDA:5,gbb_closing_bracket
FN:328,gbb_opening_bracket
FNDA:4,gbb_opening_bracket
FN:340,token_tree_bracket
FNDA:4,token_tree_bracket
FN:352,split_by
FNDA:98,split_by
FN:394,is_operator
FNDA:63,is_operator
FN:412,group_by_commas
FNDA:16,group_by_commas
FN:451,group_by_functions
FNDA:5,group_by_functions
FN:483,token_tree_unwrap_wrappers
FNDA:0,token_tree_unwrap_wrappers
FN:492,is_opening_bracket
FNDA:9,is_opening_bracket
FN:496,flip_bracket
FNDA:5,flip_bracket
DA:22,134
DA:23,134
DA:24,134
DA:31,0
DA:33,0
DA:34,0
DA:36,0
DA:38,0
DA:39,0
DA:42,0
DA:50,13
DA:51,13
DA:52,8
DA:54,5
DA:62,9
DA:63,9
DA:64,4
DA:65,5
DA:66,4
DA:68,1
DA:76,2
DA:77,2
DA:78,1
DA:79,1
DA:80,1
DA:82,0
DA:90,0
DA:91,0
DA:92,0
DA:94,0
DA:95,0
DA:97,0
DA:98,0
DA:99,0
DA:102,0
DA:104,0
DA:111,7
DA:112,7
DA:120,10
DA:121,10
DA:133,186
DA:134,186
DA:136,123
DA:138,123
DA:139,60
DA:141,63
DA:144,60
DA:145,60
DA:147,60
DA:149,60
DA:150,60
DA:151,60
DA:152,60
DA:153,60
DA:155,60
DA:156,120
DA:159,60
DA:160,0
DA:161,0
DA:163,60
DA:164,60
DA:165,60
DA:166,0
DA:168,60
DA:170,60
DA:173,60
DA:176,63
DA:177,146
DA:178,83
DA:180,83
DA:181,83
DA:183,83
DA:184,81
DA:186,2
DA:189,63
DA:221,6
DA:222,6
DA:225,6
DA:226,22
DA:227,16
DA:228,16
DA:231,6
DA:232,6
DA:233,5
DA:234,5
DA:239,5
DA:240,155
DA:241,150
DA:242,35
DA:243,35
DA:244,35
DA:245,35
DA:250,5
DA:251,5
DA:253,5
DA:258,6
DA:274,6
DA:275,6
DA:276,6
DA:277,6
DA:279,6
DA:280,6
DA:282,22
DA:294,6
DA:296,6
DA:297,6
DA:299,6
DA:300,5
DA:307,1
DA:308,6
DA:311,5
DA:314,5
DA:316,5
DA:317,1
DA:319,4
DA:320,4
DA:323,0
DA:324,5
DA:328,4
DA:331,4
DA:332,4
DA:333,4
DA:335,4
DA:337,4
DA:338,4
DA:340,4
DA:341,4
DA:343,4
DA:352,98
DA:353,98
DA:354,49
DA:356,98
DA:358,49
DA:359,49
DA:361,49
DA:363,112
DA:364,63
DA:366,63
DA:367,1
DA:372,1
DA:373,1
DA:375,1
DA:377,62
DA:380,49
DA:381,49
DA:383,49
DA:388,49
DA:390,49
DA:394,63
DA:395,63
DA:396,63
DA:397,29
DA:398,22
DA:399,22
DA:402,63
DA:412,16
DA:413,16
DA:415,9
DA:416,9
DA:418,20
DA:419,11
DA:420,11
DA:422,11
DA:423,1
DA:424,0
DA:426,1
DA:427,1
DA:429,10
DA:432,9
DA:433,9
DA:434,9
DA:436,9
DA:437,0
DA:439,9
DA:440,1
DA:442,9
DA:445,9
DA:451,5
DA:452,5
DA:455,7
DA:456,2
DA:458,2
DA:459,0
DA:460,0
DA:463,0
DA:465,0
DA:468,0
DA:469,0
DA:471,0
DA:473,0
DA:474,0
DA:475,0
DA:478,5
DA:483,0
DA:484,0
DA:485,0
DA:486,0
DA:487,0
DA:489,0
DA:492,9
DA:493,9
DA:496,5
DA:497,5
DA:498,0
DA:499,0
DA:500,0
DA:501,0
DA:502,0
DA:503,0
DA:504,0
DA:505,0
DA:507,5
DA:508,5
DA:509,0
DA:510,0
DA:511,0
DA:512,0
DA:513,0
DA:514,0
DA:515,0
DA:516,0
end_of_record
TN:test
SF:/mnt/c/Users/ussur/C7_SmartCalc_v1.0-2/src/test/test.c
FN:15,main
FNDA:13,main
DA:15,13
DA:16,13
DA:17,13
DA:18,13
DA:20,13
DA:22,39
DA:24,13
DA:25,1
DA:26,1
DA:28,1
end_of_record
TN:test
SF:/mnt/c/Users/ussur/C7_SmartCalc_v1.0-2/src/test/test_tokenizer.c
FN:12,tokens_count
FNDA:60,tokens_count
FN:24,test_tokenize_one_token_fn
FNDA:1,test_tokenize_one_token_fn
FN:37,test_tokenize_two_tokens_fn
FNDA:1,test_tokenize_two_tokens_fn
FN:50,test_tokenize_three_tokens_fn
FNDA:1,test_tokenize_three_tokens_fn
FN:61,test_token_types_texts_fn
FNDA:1,test_token_types_texts_fn
FN:70,test_tokenizer_symbols_fn
FNDA:1,test_tokenizer_symbols_fn
FN:95,test_token_print_ident_fn
FNDA:1,test_token_print_ident_fn
FN:113,tokenizer_suite
FNDA:13,tokenizer_suite
DA:12,60
DA:13,60
DA:15,60
DA:16,164
DA:17,104
DA:18,104
DA:21,60
DA:24,1
DA:25,1
DA:32,30
DA:33,29
DA:34,1
DA:37,1
DA:38,1
DA:45,19
DA:46,18
DA:47,1
DA:50,1
DA:51,1
DA:56,14
DA:57,13
DA:58,1
DA:61,1
DA:62,1
DA:63,1
DA:64,1
DA:65,1
DA:66,1
DA:67,1
DA:70,1
DA:71,1
DA:72,1
DA:73,1
DA:74,1
DA:75,1
DA:76,1
DA:77,1
DA:78,1
DA:79,1
DA:80,1
DA:81,1
DA:82,1
DA:83,1
DA:84,1
DA:85,1
DA:86,1
DA:95,1
DA:96,1
DA:97,1
DA:99,1
DA:100,1
DA:101,1
DA:102,1
DA:103,1
DA:104,1
DA:105,1
DA:107,1
DA:109,1
DA:110,1
DA:113,13
DA:114,13
DA:115,13
DA:116,13
DA:117,13
DA:118,13
DA:119,13
DA:120,13
DA:122,13
DA:123,13
DA:125,13
end_of_record
TN:test
SF:/mnt/c/Users/ussur/C7_SmartCalc_v1.0-2/src/test/test_token_tree.c
FN:10,token_tree_depth
FNDA:0,token_tree_depth
FN:23,token_tree_max_len
FNDA:14,token_tree_max_len
FN:36,def_is_function
FNDA:0,def_is_function
FN:41,default_ctx
FNDA:6,default_ctx
FN:50,test_token_tree_1_fn
FNDA:1,test_token_tree_1_fn
FN:63,test_token_tree_2_fn
FNDA:1,test_token_tree_2_fn
FN:74,test_token_tree_3_fn
FNDA:1,test_token_tree_3_fn
FN:85,test_token_tree_4_fn
FNDA:1,test_token_tree_4_fn
FN:96,test_token_tree_5_fn
FNDA:1,test_token_tree_5_fn
FN:108,test_token_tree_err_1_fn
FNDA:1,test_token_tree_err_1_fn
FN:116,token_tree_suite
FNDA:13,token_tree_suite
DA:10,0
DA:11,0
DA:12,0
DA:14,0
DA:15,0
DA:16,0
DA:17,0
DA:19,0
DA:23,14
DA:24,14
DA:25,7
DA:27,7
DA:28,16
DA:29,9
DA:30,9
DA:32,7
DA:36,0
DA:37,0
DA:38,0
DA:41,6
DA:42,6
DA:50,1
DA:51,1
DA:52,1
DA:53,1
DA:54,1
DA:55,1
DA:56,1
DA:57,1
DA:58,1
DA:59,1
DA:63,1
DA:64,1
DA:65,1
DA:66,1
DA:67,1
DA:68,1
DA:69,1
DA:70,1
DA:71,1
DA:74,1
DA:75,1
DA:76,1
DA:77,1
DA:78,1
DA:79,1
DA:80,1
DA:81,1
DA:82,1
DA:85,1
DA:86,1
DA:87,1
DA:88,1
DA:89,1
DA:90,1
DA:91,1
DA:92,1
DA:93,1
DA:96,1
DA:97,1
DA:98,1
DA:99,1
DA:100,1
DA:101,1
DA:102,1
DA:103,1
DA:104,1
DA:108,1
DA:109,1
DA:110,1
DA:111,1
DA:112,1
DA:113,1
DA:116,13
DA:117,13
DA:118,13
DA:119,13
DA:120,13
DA:121,13
DA:122,13
DA:123,13
DA:125,13
DA:126,13
DA:128,13
end_of_record
TN:test
SF:/mnt/c/Users/ussur/C7_SmartCalc_v1.0-2/src/util/allocator.c
FN:15,my_allocator_free
FNDA:0,my_allocator_free
FN:25,my_malloc
FNDA:0,my_malloc
FN:36,my_realloc
FNDA:141,my_realloc
FN:56,my_free
FNDA:139,my_free
FN:73,my_allocator_dump
FNDA:0,my_allocator_dump
FN:85,my_allocator_dump_short
FNDA:0,my_allocator_dump_short
DA:15,0
DA:16,0
DA:17,0
DA:19,0
DA:21,0
DA:22,0
DA:23,0
DA:25,0
DA:26,0
DA:36,141
DA:37,141
DA:56,139
DA:57,139
DA:73,0
DA:74,0
DA:77,0
DA:78,0
DA:82,0
DA:83,0
DA:85,0
DA:86,0
DA:88,0
DA:90,0
DA:93,0
end_of_record
SF:/mnt/c/Users/ussur/C7_SmartCalc_v1.0-2/src/util/vector.h
FN:112,vec_MemRegion_create
FNDA:0,vec_MemRegion_create
FN:120,vec_MemRegion_with_capacity
FNDA:0,vec_MemRegion_with_capacity
FN:136,vec_MemRegion_create_copy
FNDA:0,vec_MemRegion_create_copy
FN:153,vec_MemRegion_clone
FNDA:0,vec_MemRegion_clone
FN:157,vec_MemRegion_from_raw
FNDA:0,vec_MemRegion_from_raw
FN:183,vec_MemRegion_push
FNDA:0,vec_MemRegion_push
FN:212,vec_MemRegion_insert
FNDA:0,vec_MemRegion_insert
FN:228,vec_MemRegion_popget
FNDA:0,vec_MemRegion_popget
FN:234,vec_MemRegion_popfree
FNDA:0,vec_MemRegion_popfree
FN:243,vec_MemRegion_at
FNDA:0,vec_MemRegion_at
FN:247,vec_MemRegion_atref
FNDA:0,vec_MemRegion_atref
FN:252,vec_MemRegion_extract_fast
FNDA:0,vec_MemRegion_extract_fast
FN:262,vec_MemRegion_extract_order
FNDA:0,vec_MemRegion_extract_order
FN:273,vec_MemRegion_delete_fast
FNDA:0,vec_MemRegion_delete_fast
FN:283,vec_MemRegion_delete_order
FNDA:0,vec_MemRegion_delete_order
FN:297,vec_MemRegion_free
FNDA:0,vec_MemRegion_free
DA:112,0
DA:113,0
DA:120,0
DA:121,0
DA:122,0
DA:123,0
DA:124,0
DA:128,0
DA:129,0
DA:130,0
DA:131,0
DA:133,0
DA:136,0
DA:139,0
DA:145,0
DA:148,0
DA:149,0
DA:150,0
DA:153,0
DA:154,0
DA:157,0
DA:158,0
DA:183,0
DA:184,0
DA:191,0
DA:193,0
DA:194,0
DA:199,0
DA:200,0
DA:201,0
DA:204,0
DA:205,0
DA:208,0
DA:209,0
DA:210,0
DA:212,0
DA:213,0
DA:214,0
DA:216,0
DA:217,0
DA:218,0
DA:219,0
DA:220,0
DA:221,0
DA:222,0
DA:224,0
DA:226,0
DA:228,0
DA:229,0
DA:230,0
DA:231,0
DA:234,0
DA:235,0
DA:236,0
DA:241,0
DA:243,0
DA:244,0
DA:245,0
DA:247,0
DA:248,0
DA:249,0
DA:252,0
DA:253,0
DA:254,0
DA:256,0
DA:257,0
DA:258,0
DA:259,0
DA:262,0
DA:263,0
DA:264,0
DA:266,0
DA:267,0
DA:268,0
DA:269,0
DA:270,0
DA:273,0
DA:274,0
DA:275,0
DA:280,0
DA:281,0
DA:282,0
DA:283,0
DA:284,0
DA:285,0
DA:291,0
DA:292,0
DA:293,0
DA:295,0
DA:297,0
DA:302,0
DA:307,0
end_of_record
TN:test
SF:/mnt/c/Users/ussur/C7_SmartCalc_v1.0-2/src/util/better_io/out_stream.c
FN:9,outstream_putc
FNDA:0,outstream_putc
FN:12,outstream_puts
FNDA:3,outstream_puts
FN:15,outstream_put_slice
FNDA:6,outstream_put_slice
FN:18,outstream_available_space
FNDA:0,outstream_available_space
FN:21,outstream_description
FNDA:0,outstream_description
FN:28,putc_file
FNDA:0,putc_file
FN:29,puts_file
FNDA:0,puts_file
FN:30,put_slice_file
FNDA:0,put_slice_file
FN:34,get_size_vtable
FNDA:0,get_size_vtable
FN:38,description_file
FNDA:0,description_file
FN:42,description_stout
FNDA:0,description_stout
FN:46,description_stderr
FNDA:0,description_stderr
FN:51,outstream_from_file
FNDA:0,outstream_from_file
FN:62,outstream_stdout
FNDA:0,outstream_stdout
FN:72,outstream_stderr
FNDA:0,outstream_stderr
FN:83,putc_buf
FNDA:0,putc_buf
FN:91,puts_buf
FNDA:0,puts_buf
FN:107,put_slice_buf
FNDA:0,put_slice_buf
FN:123,get_size_buf
FNDA:0,get_size_buf
FN:126,description_buf
FNDA:0,description_buf
FN:131,outstream_from_buffer
FNDA:0,outstream_from_buffer
DA:9,0
DA:10,0
DA:12,3
DA:13,3
DA:15,6
DA:16,6
DA:18,0
DA:19,0
DA:21,0
DA:22,0
DA:28,0
DA:29,0
DA:30,0
DA:31,0
DA:32,0
DA:34,0
DA:35,0
DA:36,0
DA:38,0
DA:39,0
DA:40,0
DA:42,0
DA:43,0
DA:44,0
DA:46,0
DA:47,0
DA:48,0
DA:51,0
DA:59,0
DA:62,0
DA:70,0
DA:72,0
DA:80,0
DA:83,0
DA:84,0
DA:85,0
DA:86,0
DA:88,0
DA:91,0
DA:92,0
DA:95,0
DA:96,0
DA:97,0
DA:98,0
DA:100,0
DA:101,0
DA:103,0
DA:107,0
DA:109,0
DA:112,0
DA:113,0
DA:114,0
DA:115,0
DA:117,0
DA:118,0
DA:120,0
DA:123,0
DA:124,0
DA:126,0
DA:127,0
DA:128,0
DA:131,0
DA:139,0
end_of_record
TN:test
SF:/mnt/c/Users/ussur/C7_SmartCalc_v1.0-2/src/util/better_io/printable.c
FN:6,printable_print
FNDA:0,printable_print
FN:10,printable_print_std
FNDA:0,printable_print_std
FN:14,printable_string
FNDA:0,printable_string
FN:18,print_outstream
FNDA:0,print_outstream
FN:26,printable_outstream
FNDA:0,printable_outstream
DA:6,0
DA:7,0
DA:8,0
DA:10,0
DA:11,0
DA:12,0
DA:14,0
DA:15,0
DA:18,0
DA:19,0
DA:20,0
DA:21,0
DA:22,0
DA:23,0
DA:24,0
DA:26,0
DA:27,0
end_of_record
TN:test
SF:/mnt/c/Users/ussur/C7_SmartCalc_v1.0-2/src/util/better_io/x_printf.c
FN:11,x_printf
FNDA:0,x_printf
FN:21,x_sprintf
FNDA:7,x_sprintf
FN:30,next_item
FNDA:13,next_item
FN:39,x_vprintf
FNDA:7,x_vprintf
FN:86,put_format
FNDA:3,put_format
FN:141,put_string_fmt
FNDA:0,put_string_fmt
FN:164,put_n_fmt
FNDA:0,put_n_fmt
FN:186,put_bool_fmt
FNDA:0,put_bool_fmt
FN:200,parse_specificator
FNDA:3,parse_specificator
DA:11,0
DA:13,0
DA:16,0
DA:17,0
DA:18,0
DA:19,0
DA:21,7
DA:23,7
DA:25,7
DA:26,7
DA:27,7
DA:28,7
DA:30,13
DA:31,16
DA:33,13
DA:39,7
DA:40,7
DA:42,7
DA:44,20
DA:45,13
DA:46,13
DA:47,3
DA:48,3
DA:51,13
DA:52,6
DA:53,6
DA:54,3
DA:55,3
DA:57,3
DA:61,7
DA:86,3
DA:88,3
DA:89,3
DA:90,3
DA:91,3
DA:93,3
DA:94,0
DA:95,3
DA:96,0
DA:97,3
DA:98,0
DA:99,3
DA:100,0
DA:101,0
DA:102,0
DA:103,3
DA:104,0
DA:106,3
DA:107,3
DA:108,3
DA:109,3
DA:111,3
DA:112,1
DA:113,1
DA:115,0
DA:116,2
DA:117,2
DA:118,0
DA:119,0
DA:120,0
DA:121,0
DA:122,0
DA:123,0
DA:124,0
DA:125,0
DA:126,0
DA:127,0
DA:129,0
DA:131,0
DA:134,3
DA:135,3
DA:138,3
DA:141,0
DA:144,0
DA:145,0
DA:146,0
DA:148,0
DA:149,0
DA:150,0
DA:151,0
DA:152,0
DA:153,0
DA:154,0
DA:155,0
DA:157,0
DA:159,0
DA:160,0
DA:162,0
DA:164,0
DA:166,0
DA:167,0
DA:168,0
DA:169,0
DA:170,0
DA:171,0
DA:172,0
DA:173,0
DA:174,0
DA:175,0
DA:176,0
DA:177,0
DA:178,0
DA:179,0
DA:180,0
DA:182,0
DA:184,0
DA:186,0
DA:189,0
DA:190,0
DA:192,0
DA:193,0
DA:194,0
DA:195,0
DA:196,0
DA:200,3
DA:201,3
DA:213,3
DA:215,3
DA:222,3
DA:223,3
DA:224,0
DA:225,3
DA:226,0
DA:227,0
DA:228,3
DA:229,0
DA:230,3
DA:231,0
DA:232,3
DA:233,0
DA:235,3
DA:240,3
DA:241,3
DA:242,0
DA:243,0
DA:245,3
DA:246,0
DA:247,0
DA:249,3
DA:252,3
DA:253,3
DA:254,0
DA:255,0
DA:256,0
DA:257,0
DA:259,0
DA:260,0
DA:261,0
DA:264,3
DA:267,3
DA:268,24
DA:269,22
DA:270,1
DA:271,1
DA:272,1
DA:277,3
DA:278,40
DA:279,40
DA:280,3
DA:281,3
DA:282,3
DA:286,3
DA:287,3
end_of_record
TN:test
SF:/mnt/c/Users/ussur/C7_SmartCalc_v1.0-2/src/util/better_string/string_stream.c
FN:12,string_stream_free
FNDA:0,string_stream_free
FN:14,string_stream_create
FNDA:1,string_stream_create
FN:22,string_stream_clone
FNDA:0,string_stream_clone
FN:38,string_stream_print
FNDA:0,string_stream_print
FN:44,ss_realloc
FNDA:1,ss_realloc
FN:52,ss_putc
FNDA:1,ss_putc
FN:59,ss_puts
FNDA:3,ss_puts
FN:68,ss_put_slice
FNDA:6,ss_put_slice
FN:77,ss_get_available_size
FNDA:0,ss_get_available_size
FN:81,ss_description
FNDA:0,ss_description
FN:86,string_stream_stream
FNDA:1,string_stream_stream
FN:97,string_stream_collect
FNDA:1,string_stream_collect
FN:102,string_stream_to_str_t
FNDA:1,string_stream_to_str_t
DA:12,0
DA:14,1
DA:15,1
DA:22,0
DA:23,0
DA:24,0
DA:25,0
DA:26,0
DA:27,0
DA:28,0
DA:31,0
DA:34,0
DA:38,0
DA:39,0
DA:40,0
DA:41,0
DA:42,0
DA:44,1
DA:45,1
DA:46,1
DA:47,1
DA:48,1
DA:49,1
DA:50,1
DA:52,1
DA:53,1
DA:55,1
DA:56,1
DA:59,3
DA:60,3
DA:61,3
DA:63,3
DA:64,3
DA:65,3
DA:68,6
DA:69,6
DA:70,6
DA:72,6
DA:73,6
DA:74,6
DA:77,0
DA:78,0
DA:79,0
DA:81,0
DA:82,0
DA:83,0
DA:86,1
DA:94,1
DA:97,1
DA:98,1
DA:99,1
DA:102,1
DA:103,1
end_of_record
TN:test
SF:/mnt/c/Users/ussur/C7_SmartCalc_v1.0-2/src/util/better_string/str_slice.c
FN:9,str_slice_eq_ccp
FNDA:22,str_slice_eq_ccp
FN:14,str_slice_eq
FNDA:0,str_slice_eq
FN:18,str_slice_to_owned
FNDA:0,str_slice_to_owned
FN:27,str_slice_from_str_t
FNDA:0,str_slice_from_str_t
FN:31,str_slice_from_string
FNDA:0,str_slice_from_string
DA:9,22
DA:10,30
DA:11,8
DA:14,0
DA:15,0
DA:18,0
DA:19,0
DA:20,0
DA:21,0
DA:24,0
DA:27,0
DA:28,0
DA:31,0
DA:32,0
end_of_record
TN:test
SF:/mnt/c/Users/ussur/C7_SmartCalc_v1.0-2/src/util/better_string/str_t.c
FN:12,str_literal
FNDA:1,str_literal
FN:13,str_owned
FNDA:0,str_owned
FN:30,str_borrow
FNDA:0,str_borrow
FN:34,str_raw_owned
FNDA:1,str_raw_owned
FN:38,str_free
FNDA:2,str_free
FN:45,str_free_p
FNDA:0,str_free_p
FN:53,str_clone
FNDA:0,str_clone
FN:68,str_result_free
FNDA:0,str_result_free
FN:70,read_file_to_str
FNDA:0,read_file_to_str
DA:12,1
DA:13,0
DA:15,0
DA:17,0
DA:18,0
DA:21,0
DA:22,0
DA:23,0
DA:25,0
DA:27,0
DA:30,0
DA:31,0
DA:34,1
DA:35,1
DA:38,2
DA:39,2
DA:41,1
DA:43,2
DA:45,0
DA:46,0
DA:48,0
DA:50,0
DA:53,0
DA:54,0
DA:55,0
DA:56,0
DA:57,0
DA:58,0
DA:59,0
DA:60,0
DA:64,0
DA:68,0
DA:70,0
DA:71,0
DA:73,0
DA:75,0
DA:76,0
DA:77,0
DA:78,0
DA:79,0
DA:80,0
DA:81,0
DA:83,0
DA:84,0
DA:86,0
DA:87,0
DA:90,0
end_of_record
SF:/mnt/c/Users/ussur/C7_SmartCalc_v1.0-2/src/util/vector.h
FN:112,vec_str_t_create
FNDA:0,vec_str_t_create
FN:120,vec_str_t_with_capacity
FNDA:0,vec_str_t_with_capacity
FN:136,vec_str_t_create_copy
FNDA:0,vec_str_t_create_copy
FN:153,vec_str_t_clone
FNDA:0,vec_str_t_clone
FN:157,vec_str_t_from_raw
FNDA:0,vec_str_t_from_raw
FN:183,vec_str_t_push
FNDA:0,vec_str_t_push
FN:212,vec_str_t_insert
FNDA:0,vec_str_t_insert
FN:228,vec_str_t_popget
FNDA:0,vec_str_t_popget
FN:234,vec_str_t_popfree
FNDA:0,vec_str_t_popfree
FN:243,vec_str_t_at
FNDA:0,vec_str_t_at
FN:247,vec_str_t_atref
FNDA:0,vec_str_t_atref
FN:252,vec_str_t_extract_fast
FNDA:0,vec_str_t_extract_fast
FN:262,vec_str_t_extract_order
FNDA:0,vec_str_t_extract_order
FN:273,vec_str_t_delete_fast
FNDA:0,vec_str_t_delete_fast
FN:283,vec_str_t_delete_order
FNDA:0,vec_str_t_delete_order
FN:297,vec_str_t_free
FNDA:0,vec_str_t_free
DA:112,0
DA:113,0
DA:120,0
DA:121,0
DA:122,0
DA:123,0
DA:124,0
DA:128,0
DA:129,0
DA:130,0
DA:131,0
DA:133,0
DA:136,0
DA:139,0
DA:141,0
DA:142,0
DA:148,0
DA:149,0
DA:150,0
DA:153,0
DA:154,0
DA:157,0
DA:158,0
DA:183,0
DA:184,0
DA:191,0
DA:193,0
DA:194,0
DA:197,0
DA:204,0
DA:205,0
DA:208,0
DA:209,0
DA:210,0
DA:212,0
DA:213,0
DA:214,0
DA:216,0
DA:217,0
DA:218,0
DA:219,0
DA:220,0
DA:221,0
DA:222,0
DA:224,0
DA:226,0
DA:228,0
DA:229,0
DA:230,0
DA:231,0
DA:234,0
DA:235,0
DA:236,0
DA:239,0
DA:241,0
DA:243,0
DA:244,0
DA:245,0
DA:247,0
DA:248,0
DA:249,0
DA:252,0
DA:253,0
DA:254,0
DA:256,0
DA:257,0
DA:258,0
DA:259,0
DA:262,0
DA:263,0
DA:264,0
DA:266,0
DA:267,0
DA:268,0
DA:269,0
DA:270,0
DA:273,0
DA:274,0
DA:275,0
DA:278,0
DA:280,0
DA:281,0
DA:282,0
DA:283,0
DA:284,0
DA:285,0
DA:288,0
DA:291,0
DA:292,0
DA:293,0
DA:295,0
DA:297,0
DA:299,0
DA:302,0
DA:307,0
end_of_record
TN:test
SF:/mnt/c/Users/ussur/C7_SmartCalc_v1.0-2/src/util/camera.c
FN:10,current_time_secs
FNDA:0,current_time_secs
FN:28,PlotCamera_new
FNDA:0,PlotCamera_new
FN:61,clamp
FNDA:0,clamp
FN:65,PlotCamera_pos
FNDA:0,PlotCamera_pos
FN:83,PlotCamera_vel
FNDA:0,PlotCamera_vel
FN:93,PlotCamera_set_pos
FNDA:0,PlotCamera_set_pos
FN:100,PlotCamera_wrap_x
FNDA:0,PlotCamera_wrap_x
FN:107,PlotCamera_wrap_y
FNDA:0,PlotCamera_wrap_y
FN:114,PlotCamera_update_anim
FNDA:0,PlotCamera_update_anim
FN:127,PlotCamera_zoom
FNDA:0,PlotCamera_zoom
FN:133,PlotCamera_zoom_vel
FNDA:0,PlotCamera_zoom_vel
FN:139,PlotCamera_set_zoom
FNDA:0,PlotCamera_set_zoom
FN:145,PlotCamera_on_zoom
FNDA:0,PlotCamera_on_zoom
FN:151,PlotCamera_on_drag
FNDA:0,PlotCamera_on_drag
FN:177,PlotCamera_on_drag_start
FNDA:0,PlotCamera_on_drag_start
FN:186,PlotCamera_on_drag_end
FNDA:0,PlotCamera_on_drag_end
DA:10,0
DA:14,0
DA:16,0
DA:17,0
DA:18,0
DA:21,0
DA:28,0
DA:30,0
DA:32,0
DA:44,0
DA:61,0
DA:62,0
DA:65,0
DA:66,0
DA:68,0
DA:69,0
DA:70,0
DA:72,0
DA:74,0
DA:75,0
DA:77,0
DA:78,0
DA:80,0
DA:83,0
DA:84,0
DA:85,0
DA:86,0
DA:88,0
DA:89,0
DA:90,0
DA:93,0
DA:94,0
DA:95,0
DA:96,0
DA:97,0
DA:98,0
DA:100,0
DA:101,0
DA:102,0
DA:103,0
DA:104,0
DA:105,0
DA:107,0
DA:108,0
DA:109,0
DA:110,0
DA:111,0
DA:112,0
DA:114,0
DA:115,0
DA:116,0
DA:117,0
DA:118,0
DA:120,0
DA:121,0
DA:122,0
DA:123,0
DA:124,0
DA:125,0
DA:127,0
DA:128,0
DA:129,0
DA:130,0
DA:133,0
DA:134,0
DA:135,0
DA:136,0
DA:139,0
DA:140,0
DA:141,0
DA:142,0
DA:143,0
DA:145,0
DA:146,0
DA:147,0
DA:148,0
DA:149,0
DA:151,0
DA:152,0
DA:153,0
DA:155,0
DA:156,0
DA:158,0
DA:159,0
DA:160,0
DA:162,0
DA:163,0
DA:165,0
DA:166,0
DA:167,0
DA:169,0
DA:170,0
DA:171,0
DA:173,0
DA:174,0
DA:175,0
DA:177,0
DA:178,0
DA:179,0
DA:180,0
DA:181,0
DA:186,0
DA:187,0
DA:188,0
DA:189,0
DA:190,0
DA:192,0
DA:193,0
DA:194,0
DA:195,0
DA:196,0
end_of_record
TN:test
SF:/mnt/c/Users/ussur/C7_SmartCalc_v1.0-2/src/util/vector.h
FN:112,vec_char_create
FNDA:6,vec_char_create
FN:112,vec_void_ptr_create
FNDA:6,vec_void_ptr_create
FN:120,vec_void_ptr_with_capacity
FNDA:0,vec_void_ptr_with_capacity
FN:120,vec_char_with_capacity
FNDA:0,vec_char_with_capacity
FN:136,vec_char_create_copy
FNDA:0,vec_char_create_copy
FN:136,vec_void_ptr_create_copy
FNDA:0,vec_void_ptr_create_copy
FN:153,vec_char_clone
FNDA:0,vec_char_clone
FN:153,vec_void_ptr_clone
FNDA:0,vec_void_ptr_clone
FN:157,vec_void_ptr_from_raw
FNDA:0,vec_void_ptr_from_raw
FN:157,vec_char_from_raw
FNDA:0,vec_char_from_raw
FN:183,vec_void_ptr_push
FNDA:10,vec_void_ptr_push
FN:183,vec_char_push
FNDA:4,vec_char_push
FN:212,vec_void_ptr_insert
FNDA:0,vec_void_ptr_insert
FN:212,vec_char_insert
FNDA:0,vec_char_insert
FN:228,vec_void_ptr_popget
FNDA:0,vec_void_ptr_popget
FN:228,vec_char_popget
FNDA:4,vec_char_popget
FN:234,vec_void_ptr_popfree
FNDA:4,vec_void_ptr_popfree
FN:234,vec_char_popfree
FNDA:0,vec_char_popfree
FN:243,vec_void_ptr_at
FNDA:0,vec_void_ptr_at
FN:243,vec_char_at
FNDA:0,vec_char_at
FN:247,vec_void_ptr_atref
FNDA:0,vec_void_ptr_atref
FN:247,vec_char_atref
FNDA:0,vec_char_atref
FN:252,vec_char_extract_fast
FNDA:0,vec_char_extract_fast
FN:252,vec_void_ptr_extract_fast
FNDA:0,vec_void_ptr_extract_fast
FN:262,vec_char_extract_order
FNDA:0,vec_char_extract_order
FN:262,vec_void_ptr_extract_order
FNDA:0,vec_void_ptr_extract_order
FN:273,vec_char_delete_fast
FNDA:0,vec_char_delete_fast
FN:273,vec_void_ptr_delete_fast
FNDA:0,vec_void_ptr_delete_fast
FN:283,vec_void_ptr_delete_order
FNDA:0,vec_void_ptr_delete_order
FN:283,vec_char_delete_order
FNDA:0,vec_char_delete_order
FN:297,vec_char_free
FNDA:6,vec_char_free
FN:297,vec_void_ptr_free
FNDA:6,vec_void_ptr_free
DA:112,6
DA:113,6
DA:112,6
DA:113,6
DA:120,0
DA:121,0
DA:122,0
DA:123,0
DA:124,0
DA:128,0
DA:129,0
DA:130,0
DA:131,0
DA:133,0
DA:120,0
DA:121,0
DA:122,0
DA:123,0
DA:124,0
DA:128,0
DA:129,0
DA:130,0
DA:131,0
DA:133,0
DA:136,0
DA:139,0
DA:145,0
DA:148,0
DA:149,0
DA:150,0
DA:136,0
DA:139,0
DA:145,0
DA:148,0
DA:149,0
DA:150,0
DA:153,0
DA:154,0
DA:153,0
DA:154,0
DA:157,0
DA:158,0
DA:157,0
DA:158,0
DA:183,10
DA:184,10
DA:191,0
DA:193,10
DA:194,7
DA:197,7
DA:204,7
DA:205,7
DA:208,10
DA:209,10
DA:210,10
DA:183,4
DA:184,4
DA:191,0
DA:193,4
DA:194,1
DA:197,1
DA:204,1
DA:205,1
DA:208,4
DA:209,4
DA:210,4
DA:212,0
DA:213,0
DA:214,0
DA:216,0
DA:217,0
DA:218,0
DA:219,0
DA:220,0
DA:221,0
DA:222,0
DA:224,0
DA:226,0
DA:212,0
DA:213,0
DA:214,0
DA:216,0
DA:217,0
DA:218,0
DA:219,0
DA:220,0
DA:221,0
DA:222,0
DA:224,0
DA:226,0
DA:228,0
DA:229,0
DA:230,0
DA:231,0
DA:228,4
DA:229,4
DA:230,4
DA:231,4
DA:234,4
DA:235,4
DA:236,4
DA:241,4
DA:234,0
DA:235,0
DA:236,0
DA:241,0
DA:243,0
DA:244,0
DA:245,0
DA:243,0
DA:244,0
DA:245,0
DA:247,0
DA:248,0
DA:249,0
DA:247,0
DA:248,0
DA:249,0
DA:252,0
DA:253,0
DA:254,0
DA:256,0
DA:257,0
DA:258,0
DA:259,0
DA:252,0
DA:253,0
DA:254,0
DA:256,0
DA:257,0
DA:258,0
DA:259,0
DA:262,0
DA:263,0
DA:264,0
DA:266,0
DA:267,0
DA:268,0
DA:269,0
DA:270,0
DA:262,0
DA:263,0
DA:264,0
DA:266,0
DA:267,0
DA:268,0
DA:269,0
DA:270,0
DA:273,0
DA:274,0
DA:275,0
DA:280,0
DA:281,0
DA:282,0
DA:273,0
DA:274,0
DA:275,0
DA:280,0
DA:281,0
DA:282,0
DA:283,0
DA:284,0
DA:285,0
DA:291,0
DA:292,0
DA:293,0
DA:295,0
DA:283,0
DA:284,0
DA:285,0
DA:291,0
DA:292,0
DA:293,0
DA:295,0
DA:297,6
DA:302,6
DA:307,6
DA:297,6
DA:302,6
DA:307,6
end_of_record
TN:test
SF:/mnt/c/Users/ussur/C7_SmartCalc_v1.0-2/src/util/other.c
FN:9,debug_push
FNDA:0,debug_push
FN:10,debug_pop
FNDA:0,debug_pop
FN:11,debug_print_tabs
FNDA:0,debug_print_tabs
DA:9,0
DA:10,0
DA:11,0
DA:12,0
DA:13,0
end_of_record
TN:test
SF:/mnt/c/Users/ussur/C7_SmartCalc_v1.0-2/src/util/printf_extensions.c
FN:39,x_printf_ext_fmt_length
FNDA:6,x_printf_ext_fmt_length
FN:54,x_printf_ext_print
FNDA:3,x_printf_ext_print
FN:70,printer_slice
FNDA:3,printer_slice
FN:77,printer_printable
FNDA:0,printer_printable
FN:88,printer_token
FNDA:0,printer_token
FN:97,printer_token_tree
FNDA:0,printer_token_tree
FN:106,printer_expr_value
FNDA:0,printer_expr_value
FN:114,printer_expr
FNDA:0,printer_expr
FN:123,printer_calc_expr
FNDA:0,printer_calc_expr
FN:132,printer_calc_value
FNDA:0,printer_calc_value
DA:39,6
DA:40,6
DA:42,6
DA:44,6
DA:45,45
DA:46,42
DA:47,42
DA:48,3
DA:52,3
DA:54,3
DA:56,3
DA:57,3
DA:59,3
DA:60,3
DA:61,18
DA:62,18
DA:63,3
DA:64,3
DA:67,0
DA:70,3
DA:72,3
DA:73,3
DA:74,3
DA:75,3
DA:77,0
DA:79,0
DA:80,0
DA:81,0
DA:82,0
DA:88,0
DA:90,0
DA:91,0
DA:92,0
DA:93,0
DA:97,0
DA:99,0
DA:100,0
DA:101,0
DA:102,0
DA:106,0
DA:108,0
DA:109,0
DA:110,0
DA:111,0
DA:114,0
DA:116,0
DA:117,0
DA:118,0
DA:119,0
DA:123,0
DA:125,0
DA:126,0
DA:127,0
DA:128,0
DA:132,0
DA:134,0
DA:135,0
DA:136,0
DA:137,0
end_of_record
